[INFO] [2017-09-18 23:18:12][org.springframework.context.support.ClassPathXmlApplicationContext]Refreshing org.springframework.context.support.ClassPathXmlApplicationContext@574caa3f: startup date [Mon Sep 18 23:18:12 CST 2017]; root of context hierarchy
[INFO] [2017-09-18 23:18:12][org.springframework.beans.factory.xml.XmlBeanDefinitionReader]Loading XML bean definitions from class path resource [spring-mybatis.xml]
[INFO] [2017-09-18 23:18:12][org.springframework.beans.factory.annotation.AutowiredAnnotationBeanPostProcessor]JSR-330 'javax.inject.Inject' annotation found and supported for autowiring
[WARN] [2017-09-18 23:18:13][org.springframework.context.support.ClassPathXmlApplicationContext]Exception encountered during context initialization - cancelling refresh attempt: org.springframework.beans.factory.BeanCreationException: Error creating bean with name 'proxyService': Injection of resource dependencies failed; nested exception is org.springframework.beans.factory.NoSuchBeanDefinitionException: No qualifying bean of type 'com.blaze.dao.ProxyDao' available: expected at least 1 bean which qualifies as autowire candidate. Dependency annotations: {@javax.annotation.Resource(shareable=true, lookup=, name=, description=, authenticationType=CONTAINER, type=class java.lang.Object, mappedName=)}
[INFO] [2017-09-18 23:19:08][org.springframework.context.support.ClassPathXmlApplicationContext]Refreshing org.springframework.context.support.ClassPathXmlApplicationContext@574caa3f: startup date [Mon Sep 18 23:19:08 CST 2017]; root of context hierarchy
[INFO] [2017-09-18 23:19:08][org.springframework.beans.factory.xml.XmlBeanDefinitionReader]Loading XML bean definitions from class path resource [spring-mybatis.xml]
[INFO] [2017-09-18 23:19:09][org.springframework.beans.factory.annotation.AutowiredAnnotationBeanPostProcessor]JSR-330 'javax.inject.Inject' annotation found and supported for autowiring
[INFO] [2017-09-18 23:19:09][org.quartz.impl.StdSchedulerFactory]Using default implementation for ThreadExecutor
[INFO] [2017-09-18 23:19:09][org.quartz.core.SchedulerSignalerImpl]Initialized Scheduler Signaller of type: class org.quartz.core.SchedulerSignalerImpl
[INFO] [2017-09-18 23:19:09][org.quartz.core.QuartzScheduler]Quartz Scheduler v.2.2.1 created.
[INFO] [2017-09-18 23:19:09][org.quartz.simpl.RAMJobStore]RAMJobStore initialized.
[INFO] [2017-09-18 23:19:09][org.quartz.core.QuartzScheduler]Scheduler meta-data: Quartz Scheduler (v2.2.1) 'scheduler' with instanceId 'NON_CLUSTERED'
  Scheduler class: 'org.quartz.core.QuartzScheduler' - running locally.
  NOT STARTED.
  Currently in standby mode.
  Number of jobs executed: 0
  Using thread pool 'org.quartz.simpl.SimpleThreadPool' - with 10 threads.
  Using job-store 'org.quartz.simpl.RAMJobStore' - which does not support persistence. and is not clustered.

[INFO] [2017-09-18 23:19:09][org.quartz.impl.StdSchedulerFactory]Quartz scheduler 'scheduler' initialized from an externally provided properties instance.
[INFO] [2017-09-18 23:19:09][org.quartz.impl.StdSchedulerFactory]Quartz scheduler version: 2.2.1
[INFO] [2017-09-18 23:19:09][org.quartz.core.QuartzScheduler]JobFactory set to: org.springframework.scheduling.quartz.AdaptableJobFactory@2beee7ff
[INFO] [2017-09-18 23:19:09][org.springframework.context.support.DefaultLifecycleProcessor]Starting beans in phase 2147483647
[INFO] [2017-09-18 23:19:09][org.springframework.scheduling.quartz.SchedulerFactoryBean]Starting Quartz Scheduler now
[INFO] [2017-09-18 23:19:09][org.quartz.core.QuartzScheduler]Scheduler scheduler_$_NON_CLUSTERED started.
[INFO] [2017-09-21 22:05:43][org.springframework.context.support.ClassPathXmlApplicationContext]Refreshing org.springframework.context.support.ClassPathXmlApplicationContext@64cee07: startup date [Thu Sep 21 22:05:43 CST 2017]; root of context hierarchy
[INFO] [2017-09-21 22:05:44][org.springframework.beans.factory.xml.XmlBeanDefinitionReader]Loading XML bean definitions from class path resource [spring-mybatis.xml]
[INFO] [2017-09-21 22:05:45][org.springframework.beans.factory.annotation.AutowiredAnnotationBeanPostProcessor]JSR-330 'javax.inject.Inject' annotation found and supported for autowiring
[INFO] [2017-09-21 22:05:45][org.quartz.impl.StdSchedulerFactory]Using default implementation for ThreadExecutor
[INFO] [2017-09-21 22:05:45][org.quartz.core.SchedulerSignalerImpl]Initialized Scheduler Signaller of type: class org.quartz.core.SchedulerSignalerImpl
[INFO] [2017-09-21 22:05:46][org.quartz.core.QuartzScheduler]Quartz Scheduler v.2.2.1 created.
[INFO] [2017-09-21 22:05:46][org.quartz.simpl.RAMJobStore]RAMJobStore initialized.
[INFO] [2017-09-21 22:05:46][org.quartz.core.QuartzScheduler]Scheduler meta-data: Quartz Scheduler (v2.2.1) 'scheduler' with instanceId 'NON_CLUSTERED'
  Scheduler class: 'org.quartz.core.QuartzScheduler' - running locally.
  NOT STARTED.
  Currently in standby mode.
  Number of jobs executed: 0
  Using thread pool 'org.quartz.simpl.SimpleThreadPool' - with 10 threads.
  Using job-store 'org.quartz.simpl.RAMJobStore' - which does not support persistence. and is not clustered.

[INFO] [2017-09-21 22:05:46][org.quartz.impl.StdSchedulerFactory]Quartz scheduler 'scheduler' initialized from an externally provided properties instance.
[INFO] [2017-09-21 22:05:46][org.quartz.impl.StdSchedulerFactory]Quartz scheduler version: 2.2.1
[INFO] [2017-09-21 22:05:46][org.quartz.core.QuartzScheduler]JobFactory set to: org.springframework.scheduling.quartz.AdaptableJobFactory@6497b078
[INFO] [2017-09-21 22:05:46][org.springframework.context.support.DefaultLifecycleProcessor]Starting beans in phase 2147483647
[INFO] [2017-09-21 22:05:46][org.springframework.scheduling.quartz.SchedulerFactoryBean]Starting Quartz Scheduler now
[INFO] [2017-09-21 22:05:46][org.quartz.core.QuartzScheduler]Scheduler scheduler_$_NON_CLUSTERED started.
[INFO] [2017-09-21 22:07:12][org.springframework.context.support.ClassPathXmlApplicationContext]Refreshing org.springframework.context.support.ClassPathXmlApplicationContext@64cee07: startup date [Thu Sep 21 22:07:12 CST 2017]; root of context hierarchy
[INFO] [2017-09-21 22:07:12][org.springframework.beans.factory.xml.XmlBeanDefinitionReader]Loading XML bean definitions from class path resource [spring-mybatis.xml]
[INFO] [2017-09-21 22:07:12][org.springframework.beans.factory.annotation.AutowiredAnnotationBeanPostProcessor]JSR-330 'javax.inject.Inject' annotation found and supported for autowiring
[INFO] [2017-09-21 22:11:13][org.springframework.context.support.ClassPathXmlApplicationContext]Refreshing org.springframework.context.support.ClassPathXmlApplicationContext@64cee07: startup date [Thu Sep 21 22:11:13 CST 2017]; root of context hierarchy
[INFO] [2017-09-21 22:11:13][org.springframework.beans.factory.xml.XmlBeanDefinitionReader]Loading XML bean definitions from class path resource [spring-mybatis.xml]
[INFO] [2017-09-21 22:11:13][org.springframework.beans.factory.annotation.AutowiredAnnotationBeanPostProcessor]JSR-330 'javax.inject.Inject' annotation found and supported for autowiring
[INFO] [2017-09-21 22:11:13][org.quartz.impl.StdSchedulerFactory]Using default implementation for ThreadExecutor
[INFO] [2017-09-21 22:11:13][org.quartz.core.SchedulerSignalerImpl]Initialized Scheduler Signaller of type: class org.quartz.core.SchedulerSignalerImpl
[INFO] [2017-09-21 22:11:13][org.quartz.core.QuartzScheduler]Quartz Scheduler v.2.2.1 created.
[INFO] [2017-09-21 22:11:13][org.quartz.simpl.RAMJobStore]RAMJobStore initialized.
[INFO] [2017-09-21 22:11:13][org.quartz.core.QuartzScheduler]Scheduler meta-data: Quartz Scheduler (v2.2.1) 'scheduler' with instanceId 'NON_CLUSTERED'
  Scheduler class: 'org.quartz.core.QuartzScheduler' - running locally.
  NOT STARTED.
  Currently in standby mode.
  Number of jobs executed: 0
  Using thread pool 'org.quartz.simpl.SimpleThreadPool' - with 10 threads.
  Using job-store 'org.quartz.simpl.RAMJobStore' - which does not support persistence. and is not clustered.

[INFO] [2017-09-21 22:11:13][org.quartz.impl.StdSchedulerFactory]Quartz scheduler 'scheduler' initialized from an externally provided properties instance.
[INFO] [2017-09-21 22:11:13][org.quartz.impl.StdSchedulerFactory]Quartz scheduler version: 2.2.1
[INFO] [2017-09-21 22:11:13][org.quartz.core.QuartzScheduler]JobFactory set to: org.springframework.scheduling.quartz.AdaptableJobFactory@53aad5d5
[INFO] [2017-09-21 22:11:13][org.springframework.context.support.DefaultLifecycleProcessor]Starting beans in phase 2147483647
[INFO] [2017-09-21 22:11:13][org.springframework.scheduling.quartz.SchedulerFactoryBean]Starting Quartz Scheduler now
[INFO] [2017-09-21 22:11:13][org.quartz.core.QuartzScheduler]Scheduler scheduler_$_NON_CLUSTERED started.
[INFO] [2017-09-21 22:41:52][org.springframework.context.support.ClassPathXmlApplicationContext]Refreshing org.springframework.context.support.ClassPathXmlApplicationContext@64cee07: startup date [Thu Sep 21 22:41:52 CST 2017]; root of context hierarchy
[INFO] [2017-09-21 22:41:52][org.springframework.beans.factory.xml.XmlBeanDefinitionReader]Loading XML bean definitions from class path resource [spring-mybatis.xml]
[INFO] [2017-09-21 22:41:52][org.springframework.beans.factory.annotation.AutowiredAnnotationBeanPostProcessor]JSR-330 'javax.inject.Inject' annotation found and supported for autowiring
[INFO] [2017-09-21 22:41:53][org.quartz.impl.StdSchedulerFactory]Using default implementation for ThreadExecutor
[INFO] [2017-09-21 22:41:53][org.quartz.core.SchedulerSignalerImpl]Initialized Scheduler Signaller of type: class org.quartz.core.SchedulerSignalerImpl
[INFO] [2017-09-21 22:41:53][org.quartz.core.QuartzScheduler]Quartz Scheduler v.2.2.1 created.
[INFO] [2017-09-21 22:41:53][org.quartz.simpl.RAMJobStore]RAMJobStore initialized.
[INFO] [2017-09-21 22:41:53][org.quartz.core.QuartzScheduler]Scheduler meta-data: Quartz Scheduler (v2.2.1) 'scheduler' with instanceId 'NON_CLUSTERED'
  Scheduler class: 'org.quartz.core.QuartzScheduler' - running locally.
  NOT STARTED.
  Currently in standby mode.
  Number of jobs executed: 0
  Using thread pool 'org.quartz.simpl.SimpleThreadPool' - with 10 threads.
  Using job-store 'org.quartz.simpl.RAMJobStore' - which does not support persistence. and is not clustered.

[INFO] [2017-09-21 22:41:53][org.quartz.impl.StdSchedulerFactory]Quartz scheduler 'scheduler' initialized from an externally provided properties instance.
[INFO] [2017-09-21 22:41:53][org.quartz.impl.StdSchedulerFactory]Quartz scheduler version: 2.2.1
[INFO] [2017-09-21 22:41:53][org.quartz.core.QuartzScheduler]JobFactory set to: org.springframework.scheduling.quartz.AdaptableJobFactory@53aad5d5
[INFO] [2017-09-21 22:41:53][org.springframework.context.support.DefaultLifecycleProcessor]Starting beans in phase 2147483647
[INFO] [2017-09-21 22:41:53][org.springframework.scheduling.quartz.SchedulerFactoryBean]Starting Quartz Scheduler now
[INFO] [2017-09-21 22:41:53][org.quartz.core.QuartzScheduler]Scheduler scheduler_$_NON_CLUSTERED started.
[INFO] [2017-09-21 22:46:42][org.springframework.context.support.ClassPathXmlApplicationContext]Refreshing org.springframework.context.support.ClassPathXmlApplicationContext@64cee07: startup date [Thu Sep 21 22:46:42 CST 2017]; root of context hierarchy
[INFO] [2017-09-21 22:46:42][org.springframework.beans.factory.xml.XmlBeanDefinitionReader]Loading XML bean definitions from class path resource [spring-mybatis.xml]
[INFO] [2017-09-21 22:46:42][org.springframework.beans.factory.annotation.AutowiredAnnotationBeanPostProcessor]JSR-330 'javax.inject.Inject' annotation found and supported for autowiring
[INFO] [2017-09-21 22:46:43][org.quartz.impl.StdSchedulerFactory]Using default implementation for ThreadExecutor
[INFO] [2017-09-21 22:46:43][org.quartz.core.SchedulerSignalerImpl]Initialized Scheduler Signaller of type: class org.quartz.core.SchedulerSignalerImpl
[INFO] [2017-09-21 22:46:43][org.quartz.core.QuartzScheduler]Quartz Scheduler v.2.2.1 created.
[INFO] [2017-09-21 22:46:43][org.quartz.simpl.RAMJobStore]RAMJobStore initialized.
[INFO] [2017-09-21 22:46:43][org.quartz.core.QuartzScheduler]Scheduler meta-data: Quartz Scheduler (v2.2.1) 'scheduler' with instanceId 'NON_CLUSTERED'
  Scheduler class: 'org.quartz.core.QuartzScheduler' - running locally.
  NOT STARTED.
  Currently in standby mode.
  Number of jobs executed: 0
  Using thread pool 'org.quartz.simpl.SimpleThreadPool' - with 10 threads.
  Using job-store 'org.quartz.simpl.RAMJobStore' - which does not support persistence. and is not clustered.

[INFO] [2017-09-21 22:46:43][org.quartz.impl.StdSchedulerFactory]Quartz scheduler 'scheduler' initialized from an externally provided properties instance.
[INFO] [2017-09-21 22:46:43][org.quartz.impl.StdSchedulerFactory]Quartz scheduler version: 2.2.1
[INFO] [2017-09-21 22:46:43][org.quartz.core.QuartzScheduler]JobFactory set to: org.springframework.scheduling.quartz.AdaptableJobFactory@53aad5d5
[INFO] [2017-09-21 22:46:43][org.springframework.context.support.DefaultLifecycleProcessor]Starting beans in phase 2147483647
[INFO] [2017-09-21 22:46:43][org.springframework.scheduling.quartz.SchedulerFactoryBean]Starting Quartz Scheduler now
[INFO] [2017-09-21 22:46:43][org.quartz.core.QuartzScheduler]Scheduler scheduler_$_NON_CLUSTERED started.
[INFO] [2017-09-21 23:00:09][org.springframework.context.support.ClassPathXmlApplicationContext]Refreshing org.springframework.context.support.ClassPathXmlApplicationContext@64cee07: startup date [Thu Sep 21 23:00:09 CST 2017]; root of context hierarchy
[INFO] [2017-09-21 23:00:09][org.springframework.beans.factory.xml.XmlBeanDefinitionReader]Loading XML bean definitions from class path resource [spring-mybatis.xml]
[INFO] [2017-09-21 23:00:09][org.springframework.beans.factory.annotation.AutowiredAnnotationBeanPostProcessor]JSR-330 'javax.inject.Inject' annotation found and supported for autowiring
[INFO] [2017-09-21 23:00:10][org.quartz.impl.StdSchedulerFactory]Using default implementation for ThreadExecutor
[INFO] [2017-09-21 23:00:10][org.quartz.core.SchedulerSignalerImpl]Initialized Scheduler Signaller of type: class org.quartz.core.SchedulerSignalerImpl
[INFO] [2017-09-21 23:00:10][org.quartz.core.QuartzScheduler]Quartz Scheduler v.2.2.1 created.
[INFO] [2017-09-21 23:00:10][org.quartz.simpl.RAMJobStore]RAMJobStore initialized.
[INFO] [2017-09-21 23:00:10][org.quartz.core.QuartzScheduler]Scheduler meta-data: Quartz Scheduler (v2.2.1) 'scheduler' with instanceId 'NON_CLUSTERED'
  Scheduler class: 'org.quartz.core.QuartzScheduler' - running locally.
  NOT STARTED.
  Currently in standby mode.
  Number of jobs executed: 0
  Using thread pool 'org.quartz.simpl.SimpleThreadPool' - with 10 threads.
  Using job-store 'org.quartz.simpl.RAMJobStore' - which does not support persistence. and is not clustered.

[INFO] [2017-09-21 23:00:10][org.quartz.impl.StdSchedulerFactory]Quartz scheduler 'scheduler' initialized from an externally provided properties instance.
[INFO] [2017-09-21 23:00:10][org.quartz.impl.StdSchedulerFactory]Quartz scheduler version: 2.2.1
[INFO] [2017-09-21 23:00:10][org.quartz.core.QuartzScheduler]JobFactory set to: org.springframework.scheduling.quartz.AdaptableJobFactory@79da8dc5
[INFO] [2017-09-21 23:00:10][org.springframework.context.support.DefaultLifecycleProcessor]Starting beans in phase 2147483647
[INFO] [2017-09-21 23:00:10][org.springframework.scheduling.quartz.SchedulerFactoryBean]Starting Quartz Scheduler now
[INFO] [2017-09-21 23:00:10][org.quartz.core.QuartzScheduler]Scheduler scheduler_$_NON_CLUSTERED started.
[INFO] [2017-09-21 23:05:24][org.springframework.context.support.ClassPathXmlApplicationContext]Refreshing org.springframework.context.support.ClassPathXmlApplicationContext@64cee07: startup date [Thu Sep 21 23:05:24 CST 2017]; root of context hierarchy
[INFO] [2017-09-21 23:05:24][org.springframework.beans.factory.xml.XmlBeanDefinitionReader]Loading XML bean definitions from class path resource [spring-mybatis.xml]
[INFO] [2017-09-21 23:05:24][org.springframework.beans.factory.annotation.AutowiredAnnotationBeanPostProcessor]JSR-330 'javax.inject.Inject' annotation found and supported for autowiring
[INFO] [2017-09-21 23:06:10][org.springframework.context.support.ClassPathXmlApplicationContext]Refreshing org.springframework.context.support.ClassPathXmlApplicationContext@64cee07: startup date [Thu Sep 21 23:06:10 CST 2017]; root of context hierarchy
[INFO] [2017-09-21 23:06:10][org.springframework.beans.factory.xml.XmlBeanDefinitionReader]Loading XML bean definitions from class path resource [spring-mybatis.xml]
[INFO] [2017-09-21 23:06:10][org.springframework.beans.factory.annotation.AutowiredAnnotationBeanPostProcessor]JSR-330 'javax.inject.Inject' annotation found and supported for autowiring
[INFO] [2017-09-21 23:07:08][org.springframework.context.support.ClassPathXmlApplicationContext]Refreshing org.springframework.context.support.ClassPathXmlApplicationContext@64cee07: startup date [Thu Sep 21 23:07:08 CST 2017]; root of context hierarchy
[INFO] [2017-09-21 23:07:08][org.springframework.beans.factory.xml.XmlBeanDefinitionReader]Loading XML bean definitions from class path resource [spring-mybatis.xml]
[INFO] [2017-09-21 23:07:09][org.springframework.beans.factory.annotation.AutowiredAnnotationBeanPostProcessor]JSR-330 'javax.inject.Inject' annotation found and supported for autowiring
[INFO] [2017-09-21 23:08:35][org.springframework.context.support.ClassPathXmlApplicationContext]Refreshing org.springframework.context.support.ClassPathXmlApplicationContext@23fe1d71: startup date [Thu Sep 21 23:08:35 CST 2017]; root of context hierarchy
[INFO] [2017-09-21 23:08:36][org.springframework.beans.factory.xml.XmlBeanDefinitionReader]Loading XML bean definitions from class path resource [spring-mybatis.xml]
[INFO] [2017-09-21 23:08:36][org.springframework.beans.factory.annotation.AutowiredAnnotationBeanPostProcessor]JSR-330 'javax.inject.Inject' annotation found and supported for autowiring
[INFO] [2017-09-21 23:09:13][org.springframework.context.support.ClassPathXmlApplicationContext]Refreshing org.springframework.context.support.ClassPathXmlApplicationContext@6a1aab78: startup date [Thu Sep 21 23:09:13 CST 2017]; root of context hierarchy
[INFO] [2017-09-21 23:09:14][org.springframework.beans.factory.xml.XmlBeanDefinitionReader]Loading XML bean definitions from class path resource [spring-mybatis.xml]
[INFO] [2017-09-21 23:09:15][org.springframework.beans.factory.annotation.AutowiredAnnotationBeanPostProcessor]JSR-330 'javax.inject.Inject' annotation found and supported for autowiring
[INFO] [2017-09-21 23:14:49][org.springframework.context.support.ClassPathXmlApplicationContext]Refreshing org.springframework.context.support.ClassPathXmlApplicationContext@64cee07: startup date [Thu Sep 21 23:14:49 CST 2017]; root of context hierarchy
[INFO] [2017-09-21 23:14:49][org.springframework.beans.factory.xml.XmlBeanDefinitionReader]Loading XML bean definitions from class path resource [spring-mybatis.xml]
[INFO] [2017-09-21 23:14:50][org.springframework.beans.factory.annotation.AutowiredAnnotationBeanPostProcessor]JSR-330 'javax.inject.Inject' annotation found and supported for autowiring
[INFO] [2017-09-21 23:15:02][org.springframework.context.support.ClassPathXmlApplicationContext]Refreshing org.springframework.context.support.ClassPathXmlApplicationContext@64cee07: startup date [Thu Sep 21 23:15:02 CST 2017]; root of context hierarchy
[INFO] [2017-09-21 23:15:03][org.springframework.beans.factory.xml.XmlBeanDefinitionReader]Loading XML bean definitions from class path resource [spring-mybatis.xml]
[INFO] [2017-09-21 23:15:03][org.springframework.beans.factory.annotation.AutowiredAnnotationBeanPostProcessor]JSR-330 'javax.inject.Inject' annotation found and supported for autowiring
[INFO] [2017-09-21 23:15:27][org.springframework.context.support.ClassPathXmlApplicationContext]Refreshing org.springframework.context.support.ClassPathXmlApplicationContext@23fe1d71: startup date [Thu Sep 21 23:15:27 CST 2017]; root of context hierarchy
[INFO] [2017-09-21 23:15:27][org.springframework.beans.factory.xml.XmlBeanDefinitionReader]Loading XML bean definitions from class path resource [spring-mybatis.xml]
[INFO] [2017-09-21 23:15:27][org.springframework.beans.factory.annotation.AutowiredAnnotationBeanPostProcessor]JSR-330 'javax.inject.Inject' annotation found and supported for autowiring
[INFO] [2017-09-21 23:17:04][org.springframework.context.support.ClassPathXmlApplicationContext]Refreshing org.springframework.context.support.ClassPathXmlApplicationContext@23fe1d71: startup date [Thu Sep 21 23:17:04 CST 2017]; root of context hierarchy
[INFO] [2017-09-21 23:17:04][org.springframework.beans.factory.xml.XmlBeanDefinitionReader]Loading XML bean definitions from class path resource [spring-mybatis.xml]
[INFO] [2017-09-21 23:17:04][org.springframework.beans.factory.annotation.AutowiredAnnotationBeanPostProcessor]JSR-330 'javax.inject.Inject' annotation found and supported for autowiring
[INFO] [2017-09-22 12:09:40][org.springframework.context.support.ClassPathXmlApplicationContext]Refreshing org.springframework.context.support.ClassPathXmlApplicationContext@2a3046da: startup date [Fri Sep 22 12:09:40 CST 2017]; root of context hierarchy
[INFO] [2017-09-22 12:09:40][org.springframework.beans.factory.xml.XmlBeanDefinitionReader]Loading XML bean definitions from class path resource [spring-mybatis.xml]
[INFO] [2017-09-22 12:09:42][org.springframework.beans.factory.annotation.AutowiredAnnotationBeanPostProcessor]JSR-330 'javax.inject.Inject' annotation found and supported for autowiring
[INFO] [2017-09-22 12:10:01][org.springframework.context.support.ClassPathXmlApplicationContext]Refreshing org.springframework.context.support.ClassPathXmlApplicationContext@2a3046da: startup date [Fri Sep 22 12:10:01 CST 2017]; root of context hierarchy
[INFO] [2017-09-22 12:10:02][org.springframework.beans.factory.xml.XmlBeanDefinitionReader]Loading XML bean definitions from class path resource [spring-mybatis.xml]
[INFO] [2017-09-22 12:10:02][org.springframework.beans.factory.annotation.AutowiredAnnotationBeanPostProcessor]JSR-330 'javax.inject.Inject' annotation found and supported for autowiring
[INFO] [2017-09-22 12:11:40][org.springframework.context.support.ClassPathXmlApplicationContext]Refreshing org.springframework.context.support.ClassPathXmlApplicationContext@76a3e297: startup date [Fri Sep 22 12:11:40 CST 2017]; root of context hierarchy
[INFO] [2017-09-22 12:11:40][org.springframework.beans.factory.xml.XmlBeanDefinitionReader]Loading XML bean definitions from class path resource [spring-mybatis.xml]
[INFO] [2017-09-22 12:11:41][org.springframework.beans.factory.annotation.AutowiredAnnotationBeanPostProcessor]JSR-330 'javax.inject.Inject' annotation found and supported for autowiring
[INFO] [2017-09-22 12:13:39][org.springframework.context.support.ClassPathXmlApplicationContext]Refreshing org.springframework.context.support.ClassPathXmlApplicationContext@2a3046da: startup date [Fri Sep 22 12:13:39 CST 2017]; root of context hierarchy
[INFO] [2017-09-22 12:13:39][org.springframework.beans.factory.xml.XmlBeanDefinitionReader]Loading XML bean definitions from class path resource [spring-mybatis.xml]
[INFO] [2017-09-22 12:13:39][org.springframework.beans.factory.annotation.AutowiredAnnotationBeanPostProcessor]JSR-330 'javax.inject.Inject' annotation found and supported for autowiring
[INFO] [2017-09-22 12:13:43][org.springframework.context.support.ClassPathXmlApplicationContext]Refreshing org.springframework.context.support.ClassPathXmlApplicationContext@76a3e297: startup date [Fri Sep 22 12:13:43 CST 2017]; root of context hierarchy
[INFO] [2017-09-22 12:13:43][org.springframework.beans.factory.xml.XmlBeanDefinitionReader]Loading XML bean definitions from class path resource [spring-mybatis.xml]
[INFO] [2017-09-22 12:13:44][org.springframework.beans.factory.annotation.AutowiredAnnotationBeanPostProcessor]JSR-330 'javax.inject.Inject' annotation found and supported for autowiring
[INFO] [2017-09-22 12:14:18][org.springframework.context.support.ClassPathXmlApplicationContext]Refreshing org.springframework.context.support.ClassPathXmlApplicationContext@76a3e297: startup date [Fri Sep 22 12:14:18 CST 2017]; root of context hierarchy
[INFO] [2017-09-22 12:14:18][org.springframework.beans.factory.xml.XmlBeanDefinitionReader]Loading XML bean definitions from class path resource [spring-mybatis.xml]
[INFO] [2017-09-22 12:14:18][org.springframework.beans.factory.annotation.AutowiredAnnotationBeanPostProcessor]JSR-330 'javax.inject.Inject' annotation found and supported for autowiring
[INFO] [2017-09-22 12:14:48][org.springframework.context.support.ClassPathXmlApplicationContext]Refreshing org.springframework.context.support.ClassPathXmlApplicationContext@76a3e297: startup date [Fri Sep 22 12:14:48 CST 2017]; root of context hierarchy
[INFO] [2017-09-22 12:14:48][org.springframework.beans.factory.xml.XmlBeanDefinitionReader]Loading XML bean definitions from class path resource [spring-mybatis.xml]
[INFO] [2017-09-22 12:14:49][org.springframework.beans.factory.annotation.AutowiredAnnotationBeanPostProcessor]JSR-330 'javax.inject.Inject' annotation found and supported for autowiring
[INFO] [2017-09-22 12:15:40][org.springframework.context.support.ClassPathXmlApplicationContext]Refreshing org.springframework.context.support.ClassPathXmlApplicationContext@76a3e297: startup date [Fri Sep 22 12:15:40 CST 2017]; root of context hierarchy
[INFO] [2017-09-22 12:15:40][org.springframework.beans.factory.xml.XmlBeanDefinitionReader]Loading XML bean definitions from class path resource [spring-mybatis.xml]
[INFO] [2017-09-22 12:15:41][org.springframework.beans.factory.annotation.AutowiredAnnotationBeanPostProcessor]JSR-330 'javax.inject.Inject' annotation found and supported for autowiring
[INFO] [2017-09-22 12:24:02][org.springframework.context.support.ClassPathXmlApplicationContext]Refreshing org.springframework.context.support.ClassPathXmlApplicationContext@2a3046da: startup date [Fri Sep 22 12:24:02 CST 2017]; root of context hierarchy
[INFO] [2017-09-22 12:24:02][org.springframework.beans.factory.xml.XmlBeanDefinitionReader]Loading XML bean definitions from class path resource [spring-mybatis.xml]
[INFO] [2017-09-22 12:24:02][org.springframework.beans.factory.annotation.AutowiredAnnotationBeanPostProcessor]JSR-330 'javax.inject.Inject' annotation found and supported for autowiring
[INFO] [2017-09-22 12:24:06][org.springframework.context.support.ClassPathXmlApplicationContext]Refreshing org.springframework.context.support.ClassPathXmlApplicationContext@76a3e297: startup date [Fri Sep 22 12:24:06 CST 2017]; root of context hierarchy
[INFO] [2017-09-22 12:24:06][org.springframework.beans.factory.xml.XmlBeanDefinitionReader]Loading XML bean definitions from class path resource [spring-mybatis.xml]
[INFO] [2017-09-22 12:24:07][org.springframework.beans.factory.annotation.AutowiredAnnotationBeanPostProcessor]JSR-330 'javax.inject.Inject' annotation found and supported for autowiring
[INFO] [2017-09-22 12:38:21][org.springframework.context.support.ClassPathXmlApplicationContext]Refreshing org.springframework.context.support.ClassPathXmlApplicationContext@64cee07: startup date [Fri Sep 22 12:38:21 CST 2017]; root of context hierarchy
[INFO] [2017-09-22 12:38:21][org.springframework.beans.factory.xml.XmlBeanDefinitionReader]Loading XML bean definitions from class path resource [spring-mybatis.xml]
[INFO] [2017-09-22 12:38:22][org.springframework.beans.factory.annotation.AutowiredAnnotationBeanPostProcessor]JSR-330 'javax.inject.Inject' annotation found and supported for autowiring
[INFO] [2017-09-22 12:38:29][org.springframework.context.support.ClassPathXmlApplicationContext]Refreshing org.springframework.context.support.ClassPathXmlApplicationContext@23fe1d71: startup date [Fri Sep 22 12:38:29 CST 2017]; root of context hierarchy
[INFO] [2017-09-22 12:38:29][org.springframework.beans.factory.xml.XmlBeanDefinitionReader]Loading XML bean definitions from class path resource [spring-mybatis.xml]
[INFO] [2017-09-22 12:38:30][org.springframework.beans.factory.annotation.AutowiredAnnotationBeanPostProcessor]JSR-330 'javax.inject.Inject' annotation found and supported for autowiring
[INFO] [2017-09-22 13:12:55][org.springframework.context.support.ClassPathXmlApplicationContext]Refreshing org.springframework.context.support.ClassPathXmlApplicationContext@64cee07: startup date [Fri Sep 22 13:12:55 CST 2017]; root of context hierarchy
[INFO] [2017-09-22 13:12:55][org.springframework.beans.factory.xml.XmlBeanDefinitionReader]Loading XML bean definitions from class path resource [spring-mybatis.xml]
[INFO] [2017-09-22 13:12:56][org.springframework.beans.factory.annotation.AutowiredAnnotationBeanPostProcessor]JSR-330 'javax.inject.Inject' annotation found and supported for autowiring
[INFO] [2017-09-22 13:17:36][org.springframework.context.support.ClassPathXmlApplicationContext]Refreshing org.springframework.context.support.ClassPathXmlApplicationContext@23fe1d71: startup date [Fri Sep 22 13:17:36 CST 2017]; root of context hierarchy
[INFO] [2017-09-22 13:17:36][org.springframework.beans.factory.xml.XmlBeanDefinitionReader]Loading XML bean definitions from class path resource [spring-mybatis.xml]
[INFO] [2017-09-22 13:17:37][org.springframework.beans.factory.annotation.AutowiredAnnotationBeanPostProcessor]JSR-330 'javax.inject.Inject' annotation found and supported for autowiring
[INFO] [2017-09-22 13:26:14][org.springframework.context.support.ClassPathXmlApplicationContext]Refreshing org.springframework.context.support.ClassPathXmlApplicationContext@23fe1d71: startup date [Fri Sep 22 13:26:14 CST 2017]; root of context hierarchy
[INFO] [2017-09-22 13:26:14][org.springframework.beans.factory.xml.XmlBeanDefinitionReader]Loading XML bean definitions from class path resource [spring-mybatis.xml]
[INFO] [2017-09-22 13:26:14][org.springframework.beans.factory.annotation.AutowiredAnnotationBeanPostProcessor]JSR-330 'javax.inject.Inject' annotation found and supported for autowiring
[INFO] [2017-09-22 13:27:22][org.springframework.context.support.ClassPathXmlApplicationContext]Refreshing org.springframework.context.support.ClassPathXmlApplicationContext@64cee07: startup date [Fri Sep 22 13:27:22 CST 2017]; root of context hierarchy
[INFO] [2017-09-22 13:27:22][org.springframework.beans.factory.xml.XmlBeanDefinitionReader]Loading XML bean definitions from class path resource [spring-mybatis.xml]
[INFO] [2017-09-22 13:27:22][org.springframework.beans.factory.annotation.AutowiredAnnotationBeanPostProcessor]JSR-330 'javax.inject.Inject' annotation found and supported for autowiring
[INFO] [2017-09-22 13:27:58][org.springframework.context.support.ClassPathXmlApplicationContext]Refreshing org.springframework.context.support.ClassPathXmlApplicationContext@23fe1d71: startup date [Fri Sep 22 13:27:58 CST 2017]; root of context hierarchy
[INFO] [2017-09-22 13:27:58][org.springframework.beans.factory.xml.XmlBeanDefinitionReader]Loading XML bean definitions from class path resource [spring-mybatis.xml]
[INFO] [2017-09-22 13:27:58][org.springframework.beans.factory.annotation.AutowiredAnnotationBeanPostProcessor]JSR-330 'javax.inject.Inject' annotation found and supported for autowiring
[INFO] [2017-09-22 13:29:03][org.springframework.context.support.ClassPathXmlApplicationContext]Refreshing org.springframework.context.support.ClassPathXmlApplicationContext@23fe1d71: startup date [Fri Sep 22 13:29:03 CST 2017]; root of context hierarchy
[INFO] [2017-09-22 13:29:04][org.springframework.beans.factory.xml.XmlBeanDefinitionReader]Loading XML bean definitions from class path resource [spring-mybatis.xml]
[INFO] [2017-09-22 13:29:04][org.springframework.beans.factory.annotation.AutowiredAnnotationBeanPostProcessor]JSR-330 'javax.inject.Inject' annotation found and supported for autowiring
[INFO] [2017-09-22 13:41:53][org.springframework.context.support.ClassPathXmlApplicationContext]Refreshing org.springframework.context.support.ClassPathXmlApplicationContext@64cee07: startup date [Fri Sep 22 13:41:53 CST 2017]; root of context hierarchy
[INFO] [2017-09-22 13:41:53][org.springframework.beans.factory.xml.XmlBeanDefinitionReader]Loading XML bean definitions from class path resource [spring-mybatis.xml]
[INFO] [2017-09-22 13:41:53][org.springframework.beans.factory.annotation.AutowiredAnnotationBeanPostProcessor]JSR-330 'javax.inject.Inject' annotation found and supported for autowiring
[WARN] [2017-09-22 13:41:53][org.springframework.beans.factory.support.DefaultListableBeanFactory]Bean creation exception on non-lazy FactoryBean type check: org.springframework.beans.factory.BeanCreationException: Error creating bean with name 'IUserDao' defined in file [G:\github\blaze\target\classes\com\blaze\dao\base\IUserDao.class]: Cannot resolve reference to bean 'sqlSessionFactory' while setting bean property 'sqlSessionFactory'; nested exception is org.springframework.beans.factory.NoSuchBeanDefinitionException: No bean named 'sqlSessionFactory' available
[WARN] [2017-09-22 13:41:53][org.springframework.beans.factory.support.DefaultListableBeanFactory]Bean creation exception on non-lazy FactoryBean type check: org.springframework.beans.factory.BeanCreationException: Error creating bean with name 'methodFilter' defined in file [G:\github\blaze\target\classes\com\blaze\dao\base\MethodFilter.class]: Cannot resolve reference to bean 'sqlSessionFactory' while setting bean property 'sqlSessionFactory'; nested exception is org.springframework.beans.factory.NoSuchBeanDefinitionException: No bean named 'sqlSessionFactory' available
[WARN] [2017-09-22 13:41:53][org.springframework.beans.factory.support.DefaultListableBeanFactory]Bean creation exception on non-lazy FactoryBean type check: org.springframework.beans.factory.BeanCreationException: Error creating bean with name 'trans' defined in file [G:\github\blaze\target\classes\com\blaze\dao\base\Trans.class]: Cannot resolve reference to bean 'sqlSessionFactory' while setting bean property 'sqlSessionFactory'; nested exception is org.springframework.beans.factory.NoSuchBeanDefinitionException: No bean named 'sqlSessionFactory' available
[WARN] [2017-09-22 13:41:53][org.springframework.beans.factory.support.DefaultListableBeanFactory]Bean creation exception on non-lazy FactoryBean type check: org.springframework.beans.factory.BeanCreationException: Error creating bean with name 'valueTrans' defined in file [G:\github\blaze\target\classes\com\blaze\dao\base\ValueTrans.class]: Cannot resolve reference to bean 'sqlSessionFactory' while setting bean property 'sqlSessionFactory'; nested exception is org.springframework.beans.factory.NoSuchBeanDefinitionException: No bean named 'sqlSessionFactory' available
[WARN] [2017-09-22 13:41:53][org.springframework.beans.factory.support.DefaultListableBeanFactory]Bean creation exception on non-lazy FactoryBean type check: org.springframework.beans.factory.BeanCreationException: Error creating bean with name 'IAdd' defined in file [G:\github\blaze\target\classes\com\blaze\dao\inf\IAdd.class]: Cannot resolve reference to bean 'sqlSessionFactory' while setting bean property 'sqlSessionFactory'; nested exception is org.springframework.beans.factory.NoSuchBeanDefinitionException: No bean named 'sqlSessionFactory' available
[WARN] [2017-09-22 13:41:53][org.springframework.beans.factory.support.DefaultListableBeanFactory]Bean creation exception on non-lazy FactoryBean type check: org.springframework.beans.factory.BeanCreationException: Error creating bean with name 'ICrud' defined in file [G:\github\blaze\target\classes\com\blaze\dao\inf\ICrud.class]: Cannot resolve reference to bean 'sqlSessionFactory' while setting bean property 'sqlSessionFactory'; nested exception is org.springframework.beans.factory.NoSuchBeanDefinitionException: No bean named 'sqlSessionFactory' available
[WARN] [2017-09-22 13:41:53][org.springframework.beans.factory.support.DefaultListableBeanFactory]Bean creation exception on non-lazy FactoryBean type check: org.springframework.beans.factory.BeanCreationException: Error creating bean with name 'IDel' defined in file [G:\github\blaze\target\classes\com\blaze\dao\inf\IDel.class]: Cannot resolve reference to bean 'sqlSessionFactory' while setting bean property 'sqlSessionFactory'; nested exception is org.springframework.beans.factory.NoSuchBeanDefinitionException: No bean named 'sqlSessionFactory' available
[WARN] [2017-09-22 13:41:53][org.springframework.beans.factory.support.DefaultListableBeanFactory]Bean creation exception on non-lazy FactoryBean type check: org.springframework.beans.factory.BeanCreationException: Error creating bean with name 'IGet' defined in file [G:\github\blaze\target\classes\com\blaze\dao\inf\IGet.class]: Cannot resolve reference to bean 'sqlSessionFactory' while setting bean property 'sqlSessionFactory'; nested exception is org.springframework.beans.factory.NoSuchBeanDefinitionException: No bean named 'sqlSessionFactory' available
[WARN] [2017-09-22 13:41:53][org.springframework.beans.factory.support.DefaultListableBeanFactory]Bean creation exception on non-lazy FactoryBean type check: org.springframework.beans.factory.BeanCreationException: Error creating bean with name 'IPk' defined in file [G:\github\blaze\target\classes\com\blaze\dao\inf\IPk.class]: Cannot resolve reference to bean 'sqlSessionFactory' while setting bean property 'sqlSessionFactory'; nested exception is org.springframework.beans.factory.NoSuchBeanDefinitionException: No bean named 'sqlSessionFactory' available
[WARN] [2017-09-22 13:41:53][org.springframework.beans.factory.support.DefaultListableBeanFactory]Bean creation exception on non-lazy FactoryBean type check: org.springframework.beans.factory.BeanCreationException: Error creating bean with name 'IQuery' defined in file [G:\github\blaze\target\classes\com\blaze\dao\inf\IQuery.class]: Cannot resolve reference to bean 'sqlSessionFactory' while setting bean property 'sqlSessionFactory'; nested exception is org.springframework.beans.factory.NoSuchBeanDefinitionException: No bean named 'sqlSessionFactory' available
[WARN] [2017-09-22 13:41:53][org.springframework.beans.factory.support.DefaultListableBeanFactory]Bean creation exception on non-lazy FactoryBean type check: org.springframework.beans.factory.BeanCreationException: Error creating bean with name 'ISch' defined in file [G:\github\blaze\target\classes\com\blaze\dao\inf\ISch.class]: Cannot resolve reference to bean 'sqlSessionFactory' while setting bean property 'sqlSessionFactory'; nested exception is org.springframework.beans.factory.NoSuchBeanDefinitionException: No bean named 'sqlSessionFactory' available
[WARN] [2017-09-22 13:41:53][org.springframework.beans.factory.support.DefaultListableBeanFactory]Bean creation exception on non-lazy FactoryBean type check: org.springframework.beans.factory.BeanCreationException: Error creating bean with name 'IUpdate' defined in file [G:\github\blaze\target\classes\com\blaze\dao\inf\IUpdate.class]: Cannot resolve reference to bean 'sqlSessionFactory' while setting bean property 'sqlSessionFactory'; nested exception is org.springframework.beans.factory.NoSuchBeanDefinitionException: No bean named 'sqlSessionFactory' available
[WARN] [2017-09-22 13:41:53][org.springframework.context.support.ClassPathXmlApplicationContext]Exception encountered during context initialization - cancelling refresh attempt: org.springframework.beans.factory.BeanCreationException: Error creating bean with name 'org.mybatis.spring.SqlSessionTemplate' defined in class path resource [spring-mybatis.xml]: Instantiation of bean failed; nested exception is org.springframework.beans.BeanInstantiationException: Failed to instantiate [org.mybatis.spring.SqlSessionTemplate]: No default constructor found; nested exception is java.lang.NoSuchMethodException: org.mybatis.spring.SqlSessionTemplate.<init>()
[INFO] [2017-09-22 13:42:28][org.springframework.context.support.ClassPathXmlApplicationContext]Refreshing org.springframework.context.support.ClassPathXmlApplicationContext@64cee07: startup date [Fri Sep 22 13:42:28 CST 2017]; root of context hierarchy
[INFO] [2017-09-22 13:42:28][org.springframework.beans.factory.xml.XmlBeanDefinitionReader]Loading XML bean definitions from class path resource [spring-mybatis.xml]
[INFO] [2017-09-22 13:42:28][org.springframework.beans.factory.annotation.AutowiredAnnotationBeanPostProcessor]JSR-330 'javax.inject.Inject' annotation found and supported for autowiring
[WARN] [2017-09-22 13:42:28][org.springframework.beans.factory.support.DefaultListableBeanFactory]Bean creation exception on non-lazy FactoryBean type check: org.springframework.beans.factory.BeanCreationException: Error creating bean with name 'IUserDao' defined in file [G:\github\blaze\target\classes\com\blaze\dao\base\IUserDao.class]: Cannot resolve reference to bean 'sqlSessionFactory' while setting bean property 'sqlSessionFactory'; nested exception is org.springframework.beans.factory.NoSuchBeanDefinitionException: No bean named 'sqlSessionFactory' available
[WARN] [2017-09-22 13:42:28][org.springframework.beans.factory.support.DefaultListableBeanFactory]Bean creation exception on non-lazy FactoryBean type check: org.springframework.beans.factory.BeanCreationException: Error creating bean with name 'methodFilter' defined in file [G:\github\blaze\target\classes\com\blaze\dao\base\MethodFilter.class]: Cannot resolve reference to bean 'sqlSessionFactory' while setting bean property 'sqlSessionFactory'; nested exception is org.springframework.beans.factory.NoSuchBeanDefinitionException: No bean named 'sqlSessionFactory' available
[WARN] [2017-09-22 13:42:28][org.springframework.beans.factory.support.DefaultListableBeanFactory]Bean creation exception on non-lazy FactoryBean type check: org.springframework.beans.factory.BeanCreationException: Error creating bean with name 'trans' defined in file [G:\github\blaze\target\classes\com\blaze\dao\base\Trans.class]: Cannot resolve reference to bean 'sqlSessionFactory' while setting bean property 'sqlSessionFactory'; nested exception is org.springframework.beans.factory.NoSuchBeanDefinitionException: No bean named 'sqlSessionFactory' available
[WARN] [2017-09-22 13:42:28][org.springframework.beans.factory.support.DefaultListableBeanFactory]Bean creation exception on non-lazy FactoryBean type check: org.springframework.beans.factory.BeanCreationException: Error creating bean with name 'valueTrans' defined in file [G:\github\blaze\target\classes\com\blaze\dao\base\ValueTrans.class]: Cannot resolve reference to bean 'sqlSessionFactory' while setting bean property 'sqlSessionFactory'; nested exception is org.springframework.beans.factory.NoSuchBeanDefinitionException: No bean named 'sqlSessionFactory' available
[WARN] [2017-09-22 13:42:28][org.springframework.beans.factory.support.DefaultListableBeanFactory]Bean creation exception on non-lazy FactoryBean type check: org.springframework.beans.factory.BeanCreationException: Error creating bean with name 'IAdd' defined in file [G:\github\blaze\target\classes\com\blaze\dao\inf\IAdd.class]: Cannot resolve reference to bean 'sqlSessionFactory' while setting bean property 'sqlSessionFactory'; nested exception is org.springframework.beans.factory.NoSuchBeanDefinitionException: No bean named 'sqlSessionFactory' available
[WARN] [2017-09-22 13:42:28][org.springframework.beans.factory.support.DefaultListableBeanFactory]Bean creation exception on non-lazy FactoryBean type check: org.springframework.beans.factory.BeanCreationException: Error creating bean with name 'ICrud' defined in file [G:\github\blaze\target\classes\com\blaze\dao\inf\ICrud.class]: Cannot resolve reference to bean 'sqlSessionFactory' while setting bean property 'sqlSessionFactory'; nested exception is org.springframework.beans.factory.NoSuchBeanDefinitionException: No bean named 'sqlSessionFactory' available
[WARN] [2017-09-22 13:42:28][org.springframework.beans.factory.support.DefaultListableBeanFactory]Bean creation exception on non-lazy FactoryBean type check: org.springframework.beans.factory.BeanCreationException: Error creating bean with name 'IDel' defined in file [G:\github\blaze\target\classes\com\blaze\dao\inf\IDel.class]: Cannot resolve reference to bean 'sqlSessionFactory' while setting bean property 'sqlSessionFactory'; nested exception is org.springframework.beans.factory.NoSuchBeanDefinitionException: No bean named 'sqlSessionFactory' available
[WARN] [2017-09-22 13:42:28][org.springframework.beans.factory.support.DefaultListableBeanFactory]Bean creation exception on non-lazy FactoryBean type check: org.springframework.beans.factory.BeanCreationException: Error creating bean with name 'IGet' defined in file [G:\github\blaze\target\classes\com\blaze\dao\inf\IGet.class]: Cannot resolve reference to bean 'sqlSessionFactory' while setting bean property 'sqlSessionFactory'; nested exception is org.springframework.beans.factory.NoSuchBeanDefinitionException: No bean named 'sqlSessionFactory' available
[WARN] [2017-09-22 13:42:28][org.springframework.beans.factory.support.DefaultListableBeanFactory]Bean creation exception on non-lazy FactoryBean type check: org.springframework.beans.factory.BeanCreationException: Error creating bean with name 'IPk' defined in file [G:\github\blaze\target\classes\com\blaze\dao\inf\IPk.class]: Cannot resolve reference to bean 'sqlSessionFactory' while setting bean property 'sqlSessionFactory'; nested exception is org.springframework.beans.factory.NoSuchBeanDefinitionException: No bean named 'sqlSessionFactory' available
[WARN] [2017-09-22 13:42:28][org.springframework.beans.factory.support.DefaultListableBeanFactory]Bean creation exception on non-lazy FactoryBean type check: org.springframework.beans.factory.BeanCreationException: Error creating bean with name 'IQuery' defined in file [G:\github\blaze\target\classes\com\blaze\dao\inf\IQuery.class]: Cannot resolve reference to bean 'sqlSessionFactory' while setting bean property 'sqlSessionFactory'; nested exception is org.springframework.beans.factory.NoSuchBeanDefinitionException: No bean named 'sqlSessionFactory' available
[WARN] [2017-09-22 13:42:28][org.springframework.beans.factory.support.DefaultListableBeanFactory]Bean creation exception on non-lazy FactoryBean type check: org.springframework.beans.factory.BeanCreationException: Error creating bean with name 'ISch' defined in file [G:\github\blaze\target\classes\com\blaze\dao\inf\ISch.class]: Cannot resolve reference to bean 'sqlSessionFactory' while setting bean property 'sqlSessionFactory'; nested exception is org.springframework.beans.factory.NoSuchBeanDefinitionException: No bean named 'sqlSessionFactory' available
[WARN] [2017-09-22 13:42:28][org.springframework.beans.factory.support.DefaultListableBeanFactory]Bean creation exception on non-lazy FactoryBean type check: org.springframework.beans.factory.BeanCreationException: Error creating bean with name 'IUpdate' defined in file [G:\github\blaze\target\classes\com\blaze\dao\inf\IUpdate.class]: Cannot resolve reference to bean 'sqlSessionFactory' while setting bean property 'sqlSessionFactory'; nested exception is org.springframework.beans.factory.NoSuchBeanDefinitionException: No bean named 'sqlSessionFactory' available
[WARN] [2017-09-22 13:42:28][org.springframework.context.support.ClassPathXmlApplicationContext]Exception encountered during context initialization - cancelling refresh attempt: org.springframework.beans.factory.BeanCreationException: Error creating bean with name 'org.mybatis.spring.SqlSessionTemplate' defined in class path resource [spring-mybatis.xml]: Cannot resolve reference to bean 'sqlSessionFactory' while setting constructor argument; nested exception is org.springframework.beans.factory.NoSuchBeanDefinitionException: No bean named 'sqlSessionFactory' available
[INFO] [2017-09-22 15:35:03][org.springframework.context.support.ClassPathXmlApplicationContext]Refreshing org.springframework.context.support.ClassPathXmlApplicationContext@64cee07: startup date [Fri Sep 22 15:35:03 CST 2017]; root of context hierarchy
[INFO] [2017-09-22 15:35:03][org.springframework.beans.factory.xml.XmlBeanDefinitionReader]Loading XML bean definitions from class path resource [spring-mybatis.xml]
[INFO] [2017-09-22 15:35:04][org.springframework.beans.factory.annotation.AutowiredAnnotationBeanPostProcessor]JSR-330 'javax.inject.Inject' annotation found and supported for autowiring
[WARN] [2017-09-22 15:35:04][org.springframework.beans.factory.support.DefaultListableBeanFactory]Bean creation exception on non-lazy FactoryBean type check: org.springframework.beans.factory.BeanCreationException: Error creating bean with name 'IUserDao' defined in file [G:\github\blaze\target\classes\com\blaze\dao\base\IUserDao.class]: Cannot resolve reference to bean 'sqlSessionFactory' while setting bean property 'sqlSessionFactory'; nested exception is org.springframework.beans.factory.NoSuchBeanDefinitionException: No bean named 'sqlSessionFactory' available
[WARN] [2017-09-22 15:35:04][org.springframework.beans.factory.support.DefaultListableBeanFactory]Bean creation exception on non-lazy FactoryBean type check: org.springframework.beans.factory.BeanCreationException: Error creating bean with name 'methodFilter' defined in file [G:\github\blaze\target\classes\com\blaze\dao\base\MethodFilter.class]: Cannot resolve reference to bean 'sqlSessionFactory' while setting bean property 'sqlSessionFactory'; nested exception is org.springframework.beans.factory.NoSuchBeanDefinitionException: No bean named 'sqlSessionFactory' available
[WARN] [2017-09-22 15:35:04][org.springframework.beans.factory.support.DefaultListableBeanFactory]Bean creation exception on non-lazy FactoryBean type check: org.springframework.beans.factory.BeanCreationException: Error creating bean with name 'trans' defined in file [G:\github\blaze\target\classes\com\blaze\dao\base\Trans.class]: Cannot resolve reference to bean 'sqlSessionFactory' while setting bean property 'sqlSessionFactory'; nested exception is org.springframework.beans.factory.NoSuchBeanDefinitionException: No bean named 'sqlSessionFactory' available
[WARN] [2017-09-22 15:35:04][org.springframework.beans.factory.support.DefaultListableBeanFactory]Bean creation exception on non-lazy FactoryBean type check: org.springframework.beans.factory.BeanCreationException: Error creating bean with name 'valueTrans' defined in file [G:\github\blaze\target\classes\com\blaze\dao\base\ValueTrans.class]: Cannot resolve reference to bean 'sqlSessionFactory' while setting bean property 'sqlSessionFactory'; nested exception is org.springframework.beans.factory.NoSuchBeanDefinitionException: No bean named 'sqlSessionFactory' available
[WARN] [2017-09-22 15:35:04][org.springframework.beans.factory.support.DefaultListableBeanFactory]Bean creation exception on non-lazy FactoryBean type check: org.springframework.beans.factory.BeanCreationException: Error creating bean with name 'IAdd' defined in file [G:\github\blaze\target\classes\com\blaze\dao\inf\IAdd.class]: Cannot resolve reference to bean 'sqlSessionFactory' while setting bean property 'sqlSessionFactory'; nested exception is org.springframework.beans.factory.NoSuchBeanDefinitionException: No bean named 'sqlSessionFactory' available
[WARN] [2017-09-22 15:35:04][org.springframework.beans.factory.support.DefaultListableBeanFactory]Bean creation exception on non-lazy FactoryBean type check: org.springframework.beans.factory.BeanCreationException: Error creating bean with name 'ICrud' defined in file [G:\github\blaze\target\classes\com\blaze\dao\inf\ICrud.class]: Cannot resolve reference to bean 'sqlSessionFactory' while setting bean property 'sqlSessionFactory'; nested exception is org.springframework.beans.factory.NoSuchBeanDefinitionException: No bean named 'sqlSessionFactory' available
[WARN] [2017-09-22 15:35:04][org.springframework.beans.factory.support.DefaultListableBeanFactory]Bean creation exception on non-lazy FactoryBean type check: org.springframework.beans.factory.BeanCreationException: Error creating bean with name 'IDel' defined in file [G:\github\blaze\target\classes\com\blaze\dao\inf\IDel.class]: Cannot resolve reference to bean 'sqlSessionFactory' while setting bean property 'sqlSessionFactory'; nested exception is org.springframework.beans.factory.NoSuchBeanDefinitionException: No bean named 'sqlSessionFactory' available
[WARN] [2017-09-22 15:35:04][org.springframework.beans.factory.support.DefaultListableBeanFactory]Bean creation exception on non-lazy FactoryBean type check: org.springframework.beans.factory.BeanCreationException: Error creating bean with name 'IGet' defined in file [G:\github\blaze\target\classes\com\blaze\dao\inf\IGet.class]: Cannot resolve reference to bean 'sqlSessionFactory' while setting bean property 'sqlSessionFactory'; nested exception is org.springframework.beans.factory.NoSuchBeanDefinitionException: No bean named 'sqlSessionFactory' available
[WARN] [2017-09-22 15:35:04][org.springframework.beans.factory.support.DefaultListableBeanFactory]Bean creation exception on non-lazy FactoryBean type check: org.springframework.beans.factory.BeanCreationException: Error creating bean with name 'IPk' defined in file [G:\github\blaze\target\classes\com\blaze\dao\inf\IPk.class]: Cannot resolve reference to bean 'sqlSessionFactory' while setting bean property 'sqlSessionFactory'; nested exception is org.springframework.beans.factory.NoSuchBeanDefinitionException: No bean named 'sqlSessionFactory' available
[WARN] [2017-09-22 15:35:04][org.springframework.beans.factory.support.DefaultListableBeanFactory]Bean creation exception on non-lazy FactoryBean type check: org.springframework.beans.factory.BeanCreationException: Error creating bean with name 'IQuery' defined in file [G:\github\blaze\target\classes\com\blaze\dao\inf\IQuery.class]: Cannot resolve reference to bean 'sqlSessionFactory' while setting bean property 'sqlSessionFactory'; nested exception is org.springframework.beans.factory.NoSuchBeanDefinitionException: No bean named 'sqlSessionFactory' available
[WARN] [2017-09-22 15:35:04][org.springframework.beans.factory.support.DefaultListableBeanFactory]Bean creation exception on non-lazy FactoryBean type check: org.springframework.beans.factory.BeanCreationException: Error creating bean with name 'ISch' defined in file [G:\github\blaze\target\classes\com\blaze\dao\inf\ISch.class]: Cannot resolve reference to bean 'sqlSessionFactory' while setting bean property 'sqlSessionFactory'; nested exception is org.springframework.beans.factory.NoSuchBeanDefinitionException: No bean named 'sqlSessionFactory' available
[WARN] [2017-09-22 15:35:04][org.springframework.beans.factory.support.DefaultListableBeanFactory]Bean creation exception on non-lazy FactoryBean type check: org.springframework.beans.factory.BeanCreationException: Error creating bean with name 'IUpdate' defined in file [G:\github\blaze\target\classes\com\blaze\dao\inf\IUpdate.class]: Cannot resolve reference to bean 'sqlSessionFactory' while setting bean property 'sqlSessionFactory'; nested exception is org.springframework.beans.factory.NoSuchBeanDefinitionException: No bean named 'sqlSessionFactory' available
[WARN] [2017-09-22 15:35:04][org.springframework.context.support.ClassPathXmlApplicationContext]Exception encountered during context initialization - cancelling refresh attempt: org.springframework.beans.factory.BeanCreationException: Error creating bean with name 'org.mybatis.spring.SqlSessionTemplate' defined in class path resource [spring-mybatis.xml]: Cannot resolve reference to bean 'org.mybatis.spring.SqlSessionTemplate' while setting constructor argument; nested exception is org.springframework.beans.factory.BeanCurrentlyInCreationException: Error creating bean with name 'org.mybatis.spring.SqlSessionTemplate': Requested bean is currently in creation: Is there an unresolvable circular reference?
[INFO] [2017-09-24 18:17:43][org.springframework.context.support.ClassPathXmlApplicationContext]Refreshing org.springframework.context.support.ClassPathXmlApplicationContext@64cee07: startup date [Sun Sep 24 18:17:43 CST 2017]; root of context hierarchy
[INFO] [2017-09-24 18:17:43][org.springframework.beans.factory.xml.XmlBeanDefinitionReader]Loading XML bean definitions from class path resource [spring-mybatis.xml]
[INFO] [2017-09-24 18:17:44][org.springframework.beans.factory.annotation.AutowiredAnnotationBeanPostProcessor]JSR-330 'javax.inject.Inject' annotation found and supported for autowiring
[WARN] [2017-09-24 18:17:44][org.springframework.beans.factory.support.DefaultListableBeanFactory]Bean creation exception on non-lazy FactoryBean type check: org.springframework.beans.factory.BeanCreationException: Error creating bean with name 'IUserDao' defined in file [G:\github\blaze\target\classes\com\blaze\dao\base\IUserDao.class]: Cannot resolve reference to bean 'sqlSessionFactory' while setting bean property 'sqlSessionFactory'; nested exception is org.springframework.beans.factory.NoSuchBeanDefinitionException: No bean named 'sqlSessionFactory' available
[WARN] [2017-09-24 18:17:44][org.springframework.beans.factory.support.DefaultListableBeanFactory]Bean creation exception on non-lazy FactoryBean type check: org.springframework.beans.factory.BeanCreationException: Error creating bean with name 'methodFilter' defined in file [G:\github\blaze\target\classes\com\blaze\dao\base\MethodFilter.class]: Cannot resolve reference to bean 'sqlSessionFactory' while setting bean property 'sqlSessionFactory'; nested exception is org.springframework.beans.factory.NoSuchBeanDefinitionException: No bean named 'sqlSessionFactory' available
[WARN] [2017-09-24 18:17:44][org.springframework.beans.factory.support.DefaultListableBeanFactory]Bean creation exception on non-lazy FactoryBean type check: org.springframework.beans.factory.BeanCreationException: Error creating bean with name 'trans' defined in file [G:\github\blaze\target\classes\com\blaze\dao\base\Trans.class]: Cannot resolve reference to bean 'sqlSessionFactory' while setting bean property 'sqlSessionFactory'; nested exception is org.springframework.beans.factory.NoSuchBeanDefinitionException: No bean named 'sqlSessionFactory' available
[WARN] [2017-09-24 18:17:44][org.springframework.beans.factory.support.DefaultListableBeanFactory]Bean creation exception on non-lazy FactoryBean type check: org.springframework.beans.factory.BeanCreationException: Error creating bean with name 'valueTrans' defined in file [G:\github\blaze\target\classes\com\blaze\dao\base\ValueTrans.class]: Cannot resolve reference to bean 'sqlSessionFactory' while setting bean property 'sqlSessionFactory'; nested exception is org.springframework.beans.factory.NoSuchBeanDefinitionException: No bean named 'sqlSessionFactory' available
[WARN] [2017-09-24 18:17:44][org.springframework.beans.factory.support.DefaultListableBeanFactory]Bean creation exception on non-lazy FactoryBean type check: org.springframework.beans.factory.BeanCreationException: Error creating bean with name 'IAdd' defined in file [G:\github\blaze\target\classes\com\blaze\dao\inf\IAdd.class]: Cannot resolve reference to bean 'sqlSessionFactory' while setting bean property 'sqlSessionFactory'; nested exception is org.springframework.beans.factory.NoSuchBeanDefinitionException: No bean named 'sqlSessionFactory' available
[WARN] [2017-09-24 18:17:44][org.springframework.beans.factory.support.DefaultListableBeanFactory]Bean creation exception on non-lazy FactoryBean type check: org.springframework.beans.factory.BeanCreationException: Error creating bean with name 'ICrud' defined in file [G:\github\blaze\target\classes\com\blaze\dao\inf\ICrud.class]: Cannot resolve reference to bean 'sqlSessionFactory' while setting bean property 'sqlSessionFactory'; nested exception is org.springframework.beans.factory.NoSuchBeanDefinitionException: No bean named 'sqlSessionFactory' available
[WARN] [2017-09-24 18:17:44][org.springframework.beans.factory.support.DefaultListableBeanFactory]Bean creation exception on non-lazy FactoryBean type check: org.springframework.beans.factory.BeanCreationException: Error creating bean with name 'IDel' defined in file [G:\github\blaze\target\classes\com\blaze\dao\inf\IDel.class]: Cannot resolve reference to bean 'sqlSessionFactory' while setting bean property 'sqlSessionFactory'; nested exception is org.springframework.beans.factory.NoSuchBeanDefinitionException: No bean named 'sqlSessionFactory' available
[WARN] [2017-09-24 18:17:44][org.springframework.beans.factory.support.DefaultListableBeanFactory]Bean creation exception on non-lazy FactoryBean type check: org.springframework.beans.factory.BeanCreationException: Error creating bean with name 'IGet' defined in file [G:\github\blaze\target\classes\com\blaze\dao\inf\IGet.class]: Cannot resolve reference to bean 'sqlSessionFactory' while setting bean property 'sqlSessionFactory'; nested exception is org.springframework.beans.factory.NoSuchBeanDefinitionException: No bean named 'sqlSessionFactory' available
[WARN] [2017-09-24 18:17:44][org.springframework.beans.factory.support.DefaultListableBeanFactory]Bean creation exception on non-lazy FactoryBean type check: org.springframework.beans.factory.BeanCreationException: Error creating bean with name 'IPk' defined in file [G:\github\blaze\target\classes\com\blaze\dao\inf\IPk.class]: Cannot resolve reference to bean 'sqlSessionFactory' while setting bean property 'sqlSessionFactory'; nested exception is org.springframework.beans.factory.NoSuchBeanDefinitionException: No bean named 'sqlSessionFactory' available
[WARN] [2017-09-24 18:17:44][org.springframework.beans.factory.support.DefaultListableBeanFactory]Bean creation exception on non-lazy FactoryBean type check: org.springframework.beans.factory.BeanCreationException: Error creating bean with name 'IQuery' defined in file [G:\github\blaze\target\classes\com\blaze\dao\inf\IQuery.class]: Cannot resolve reference to bean 'sqlSessionFactory' while setting bean property 'sqlSessionFactory'; nested exception is org.springframework.beans.factory.NoSuchBeanDefinitionException: No bean named 'sqlSessionFactory' available
[WARN] [2017-09-24 18:17:44][org.springframework.beans.factory.support.DefaultListableBeanFactory]Bean creation exception on non-lazy FactoryBean type check: org.springframework.beans.factory.BeanCreationException: Error creating bean with name 'ISch' defined in file [G:\github\blaze\target\classes\com\blaze\dao\inf\ISch.class]: Cannot resolve reference to bean 'sqlSessionFactory' while setting bean property 'sqlSessionFactory'; nested exception is org.springframework.beans.factory.NoSuchBeanDefinitionException: No bean named 'sqlSessionFactory' available
[WARN] [2017-09-24 18:17:44][org.springframework.beans.factory.support.DefaultListableBeanFactory]Bean creation exception on non-lazy FactoryBean type check: org.springframework.beans.factory.BeanCreationException: Error creating bean with name 'IUpdate' defined in file [G:\github\blaze\target\classes\com\blaze\dao\inf\IUpdate.class]: Cannot resolve reference to bean 'sqlSessionFactory' while setting bean property 'sqlSessionFactory'; nested exception is org.springframework.beans.factory.NoSuchBeanDefinitionException: No bean named 'sqlSessionFactory' available
[WARN] [2017-09-24 18:17:44][org.springframework.context.support.ClassPathXmlApplicationContext]Exception encountered during context initialization - cancelling refresh attempt: org.springframework.beans.factory.BeanCreationException: Error creating bean with name 'org.mybatis.spring.SqlSessionTemplate' defined in class path resource [spring-mybatis.xml]: Cannot resolve reference to bean 'org.mybatis.spring.SqlSessionTemplate' while setting constructor argument; nested exception is org.springframework.beans.factory.BeanCurrentlyInCreationException: Error creating bean with name 'org.mybatis.spring.SqlSessionTemplate': Requested bean is currently in creation: Is there an unresolvable circular reference?
[INFO] [2017-09-24 18:49:39][org.springframework.context.support.ClassPathXmlApplicationContext]Refreshing org.springframework.context.support.ClassPathXmlApplicationContext@64cee07: startup date [Sun Sep 24 18:49:39 CST 2017]; root of context hierarchy
[INFO] [2017-09-24 18:49:39][org.springframework.beans.factory.xml.XmlBeanDefinitionReader]Loading XML bean definitions from class path resource [spring-mybatis.xml]
[INFO] [2017-09-24 18:49:39][org.springframework.beans.factory.annotation.AutowiredAnnotationBeanPostProcessor]JSR-330 'javax.inject.Inject' annotation found and supported for autowiring
[WARN] [2017-09-24 18:49:39][org.springframework.beans.factory.support.DefaultListableBeanFactory]Bean creation exception on non-lazy FactoryBean type check: org.springframework.beans.factory.BeanCreationException: Error creating bean with name 'IUserDao' defined in file [G:\github\blaze\target\classes\com\blaze\dao\base\IUserDao.class]: Cannot resolve reference to bean 'sqlSessionFactory' while setting bean property 'sqlSessionFactory'; nested exception is org.springframework.beans.factory.NoSuchBeanDefinitionException: No bean named 'sqlSessionFactory' available
[WARN] [2017-09-24 18:49:39][org.springframework.beans.factory.support.DefaultListableBeanFactory]Bean creation exception on non-lazy FactoryBean type check: org.springframework.beans.factory.BeanCreationException: Error creating bean with name 'methodFilter' defined in file [G:\github\blaze\target\classes\com\blaze\dao\base\MethodFilter.class]: Cannot resolve reference to bean 'sqlSessionFactory' while setting bean property 'sqlSessionFactory'; nested exception is org.springframework.beans.factory.NoSuchBeanDefinitionException: No bean named 'sqlSessionFactory' available
[WARN] [2017-09-24 18:49:39][org.springframework.beans.factory.support.DefaultListableBeanFactory]Bean creation exception on non-lazy FactoryBean type check: org.springframework.beans.factory.BeanCreationException: Error creating bean with name 'trans' defined in file [G:\github\blaze\target\classes\com\blaze\dao\base\Trans.class]: Cannot resolve reference to bean 'sqlSessionFactory' while setting bean property 'sqlSessionFactory'; nested exception is org.springframework.beans.factory.NoSuchBeanDefinitionException: No bean named 'sqlSessionFactory' available
[WARN] [2017-09-24 18:49:39][org.springframework.beans.factory.support.DefaultListableBeanFactory]Bean creation exception on non-lazy FactoryBean type check: org.springframework.beans.factory.BeanCreationException: Error creating bean with name 'valueTrans' defined in file [G:\github\blaze\target\classes\com\blaze\dao\base\ValueTrans.class]: Cannot resolve reference to bean 'sqlSessionFactory' while setting bean property 'sqlSessionFactory'; nested exception is org.springframework.beans.factory.NoSuchBeanDefinitionException: No bean named 'sqlSessionFactory' available
[WARN] [2017-09-24 18:49:39][org.springframework.beans.factory.support.DefaultListableBeanFactory]Bean creation exception on non-lazy FactoryBean type check: org.springframework.beans.factory.BeanCreationException: Error creating bean with name 'IAdd' defined in file [G:\github\blaze\target\classes\com\blaze\dao\inf\IAdd.class]: Cannot resolve reference to bean 'sqlSessionFactory' while setting bean property 'sqlSessionFactory'; nested exception is org.springframework.beans.factory.NoSuchBeanDefinitionException: No bean named 'sqlSessionFactory' available
[WARN] [2017-09-24 18:49:39][org.springframework.beans.factory.support.DefaultListableBeanFactory]Bean creation exception on non-lazy FactoryBean type check: org.springframework.beans.factory.BeanCreationException: Error creating bean with name 'ICrud' defined in file [G:\github\blaze\target\classes\com\blaze\dao\inf\ICrud.class]: Cannot resolve reference to bean 'sqlSessionFactory' while setting bean property 'sqlSessionFactory'; nested exception is org.springframework.beans.factory.NoSuchBeanDefinitionException: No bean named 'sqlSessionFactory' available
[WARN] [2017-09-24 18:49:39][org.springframework.beans.factory.support.DefaultListableBeanFactory]Bean creation exception on non-lazy FactoryBean type check: org.springframework.beans.factory.BeanCreationException: Error creating bean with name 'IDel' defined in file [G:\github\blaze\target\classes\com\blaze\dao\inf\IDel.class]: Cannot resolve reference to bean 'sqlSessionFactory' while setting bean property 'sqlSessionFactory'; nested exception is org.springframework.beans.factory.NoSuchBeanDefinitionException: No bean named 'sqlSessionFactory' available
[WARN] [2017-09-24 18:49:39][org.springframework.beans.factory.support.DefaultListableBeanFactory]Bean creation exception on non-lazy FactoryBean type check: org.springframework.beans.factory.BeanCreationException: Error creating bean with name 'IGet' defined in file [G:\github\blaze\target\classes\com\blaze\dao\inf\IGet.class]: Cannot resolve reference to bean 'sqlSessionFactory' while setting bean property 'sqlSessionFactory'; nested exception is org.springframework.beans.factory.NoSuchBeanDefinitionException: No bean named 'sqlSessionFactory' available
[WARN] [2017-09-24 18:49:39][org.springframework.beans.factory.support.DefaultListableBeanFactory]Bean creation exception on non-lazy FactoryBean type check: org.springframework.beans.factory.BeanCreationException: Error creating bean with name 'IPk' defined in file [G:\github\blaze\target\classes\com\blaze\dao\inf\IPk.class]: Cannot resolve reference to bean 'sqlSessionFactory' while setting bean property 'sqlSessionFactory'; nested exception is org.springframework.beans.factory.NoSuchBeanDefinitionException: No bean named 'sqlSessionFactory' available
[WARN] [2017-09-24 18:49:39][org.springframework.beans.factory.support.DefaultListableBeanFactory]Bean creation exception on non-lazy FactoryBean type check: org.springframework.beans.factory.BeanCreationException: Error creating bean with name 'IQuery' defined in file [G:\github\blaze\target\classes\com\blaze\dao\inf\IQuery.class]: Cannot resolve reference to bean 'sqlSessionFactory' while setting bean property 'sqlSessionFactory'; nested exception is org.springframework.beans.factory.NoSuchBeanDefinitionException: No bean named 'sqlSessionFactory' available
[WARN] [2017-09-24 18:49:39][org.springframework.beans.factory.support.DefaultListableBeanFactory]Bean creation exception on non-lazy FactoryBean type check: org.springframework.beans.factory.BeanCreationException: Error creating bean with name 'ISch' defined in file [G:\github\blaze\target\classes\com\blaze\dao\inf\ISch.class]: Cannot resolve reference to bean 'sqlSessionFactory' while setting bean property 'sqlSessionFactory'; nested exception is org.springframework.beans.factory.NoSuchBeanDefinitionException: No bean named 'sqlSessionFactory' available
[WARN] [2017-09-24 18:49:39][org.springframework.beans.factory.support.DefaultListableBeanFactory]Bean creation exception on non-lazy FactoryBean type check: org.springframework.beans.factory.BeanCreationException: Error creating bean with name 'IUpdate' defined in file [G:\github\blaze\target\classes\com\blaze\dao\inf\IUpdate.class]: Cannot resolve reference to bean 'sqlSessionFactory' while setting bean property 'sqlSessionFactory'; nested exception is org.springframework.beans.factory.NoSuchBeanDefinitionException: No bean named 'sqlSessionFactory' available
[WARN] [2017-09-24 18:49:39][org.springframework.context.support.ClassPathXmlApplicationContext]Exception encountered during context initialization - cancelling refresh attempt: org.springframework.beans.factory.BeanCreationException: Error creating bean with name 'org.mybatis.spring.SqlSessionTemplate' defined in class path resource [spring-mybatis.xml]: Instantiation of bean failed; nested exception is org.springframework.beans.BeanInstantiationException: Failed to instantiate [org.mybatis.spring.SqlSessionTemplate]: No default constructor found; nested exception is java.lang.NoSuchMethodException: org.mybatis.spring.SqlSessionTemplate.<init>()
[INFO] [2017-09-24 18:54:11][org.springframework.context.support.ClassPathXmlApplicationContext]Refreshing org.springframework.context.support.ClassPathXmlApplicationContext@64cee07: startup date [Sun Sep 24 18:54:11 CST 2017]; root of context hierarchy
[INFO] [2017-09-24 18:54:11][org.springframework.beans.factory.xml.XmlBeanDefinitionReader]Loading XML bean definitions from class path resource [spring-mybatis.xml]
[INFO] [2017-09-24 18:54:11][org.springframework.beans.factory.annotation.AutowiredAnnotationBeanPostProcessor]JSR-330 'javax.inject.Inject' annotation found and supported for autowiring
[WARN] [2017-09-24 18:54:11][org.springframework.beans.factory.support.DefaultListableBeanFactory]Bean creation exception on non-lazy FactoryBean type check: org.springframework.beans.factory.BeanCreationException: Error creating bean with name 'IUserDao' defined in file [G:\github\blaze\target\classes\com\blaze\dao\base\IUserDao.class]: Cannot resolve reference to bean 'sqlSessionFactory' while setting bean property 'sqlSessionFactory'; nested exception is org.springframework.beans.factory.NoSuchBeanDefinitionException: No bean named 'sqlSessionFactory' available
[WARN] [2017-09-24 18:54:11][org.springframework.beans.factory.support.DefaultListableBeanFactory]Bean creation exception on non-lazy FactoryBean type check: org.springframework.beans.factory.BeanCreationException: Error creating bean with name 'methodFilter' defined in file [G:\github\blaze\target\classes\com\blaze\dao\base\MethodFilter.class]: Cannot resolve reference to bean 'sqlSessionFactory' while setting bean property 'sqlSessionFactory'; nested exception is org.springframework.beans.factory.NoSuchBeanDefinitionException: No bean named 'sqlSessionFactory' available
[WARN] [2017-09-24 18:54:11][org.springframework.beans.factory.support.DefaultListableBeanFactory]Bean creation exception on non-lazy FactoryBean type check: org.springframework.beans.factory.BeanCreationException: Error creating bean with name 'trans' defined in file [G:\github\blaze\target\classes\com\blaze\dao\base\Trans.class]: Cannot resolve reference to bean 'sqlSessionFactory' while setting bean property 'sqlSessionFactory'; nested exception is org.springframework.beans.factory.NoSuchBeanDefinitionException: No bean named 'sqlSessionFactory' available
[WARN] [2017-09-24 18:54:11][org.springframework.beans.factory.support.DefaultListableBeanFactory]Bean creation exception on non-lazy FactoryBean type check: org.springframework.beans.factory.BeanCreationException: Error creating bean with name 'valueTrans' defined in file [G:\github\blaze\target\classes\com\blaze\dao\base\ValueTrans.class]: Cannot resolve reference to bean 'sqlSessionFactory' while setting bean property 'sqlSessionFactory'; nested exception is org.springframework.beans.factory.NoSuchBeanDefinitionException: No bean named 'sqlSessionFactory' available
[WARN] [2017-09-24 18:54:11][org.springframework.beans.factory.support.DefaultListableBeanFactory]Bean creation exception on non-lazy FactoryBean type check: org.springframework.beans.factory.BeanCreationException: Error creating bean with name 'IAdd' defined in file [G:\github\blaze\target\classes\com\blaze\dao\inf\IAdd.class]: Cannot resolve reference to bean 'sqlSessionFactory' while setting bean property 'sqlSessionFactory'; nested exception is org.springframework.beans.factory.NoSuchBeanDefinitionException: No bean named 'sqlSessionFactory' available
[WARN] [2017-09-24 18:54:11][org.springframework.beans.factory.support.DefaultListableBeanFactory]Bean creation exception on non-lazy FactoryBean type check: org.springframework.beans.factory.BeanCreationException: Error creating bean with name 'ICrud' defined in file [G:\github\blaze\target\classes\com\blaze\dao\inf\ICrud.class]: Cannot resolve reference to bean 'sqlSessionFactory' while setting bean property 'sqlSessionFactory'; nested exception is org.springframework.beans.factory.NoSuchBeanDefinitionException: No bean named 'sqlSessionFactory' available
[WARN] [2017-09-24 18:54:11][org.springframework.beans.factory.support.DefaultListableBeanFactory]Bean creation exception on non-lazy FactoryBean type check: org.springframework.beans.factory.BeanCreationException: Error creating bean with name 'IDel' defined in file [G:\github\blaze\target\classes\com\blaze\dao\inf\IDel.class]: Cannot resolve reference to bean 'sqlSessionFactory' while setting bean property 'sqlSessionFactory'; nested exception is org.springframework.beans.factory.NoSuchBeanDefinitionException: No bean named 'sqlSessionFactory' available
[WARN] [2017-09-24 18:54:11][org.springframework.beans.factory.support.DefaultListableBeanFactory]Bean creation exception on non-lazy FactoryBean type check: org.springframework.beans.factory.BeanCreationException: Error creating bean with name 'IGet' defined in file [G:\github\blaze\target\classes\com\blaze\dao\inf\IGet.class]: Cannot resolve reference to bean 'sqlSessionFactory' while setting bean property 'sqlSessionFactory'; nested exception is org.springframework.beans.factory.NoSuchBeanDefinitionException: No bean named 'sqlSessionFactory' available
[WARN] [2017-09-24 18:54:11][org.springframework.beans.factory.support.DefaultListableBeanFactory]Bean creation exception on non-lazy FactoryBean type check: org.springframework.beans.factory.BeanCreationException: Error creating bean with name 'IPk' defined in file [G:\github\blaze\target\classes\com\blaze\dao\inf\IPk.class]: Cannot resolve reference to bean 'sqlSessionFactory' while setting bean property 'sqlSessionFactory'; nested exception is org.springframework.beans.factory.NoSuchBeanDefinitionException: No bean named 'sqlSessionFactory' available
[WARN] [2017-09-24 18:54:11][org.springframework.beans.factory.support.DefaultListableBeanFactory]Bean creation exception on non-lazy FactoryBean type check: org.springframework.beans.factory.BeanCreationException: Error creating bean with name 'IQuery' defined in file [G:\github\blaze\target\classes\com\blaze\dao\inf\IQuery.class]: Cannot resolve reference to bean 'sqlSessionFactory' while setting bean property 'sqlSessionFactory'; nested exception is org.springframework.beans.factory.NoSuchBeanDefinitionException: No bean named 'sqlSessionFactory' available
[WARN] [2017-09-24 18:54:11][org.springframework.beans.factory.support.DefaultListableBeanFactory]Bean creation exception on non-lazy FactoryBean type check: org.springframework.beans.factory.BeanCreationException: Error creating bean with name 'ISch' defined in file [G:\github\blaze\target\classes\com\blaze\dao\inf\ISch.class]: Cannot resolve reference to bean 'sqlSessionFactory' while setting bean property 'sqlSessionFactory'; nested exception is org.springframework.beans.factory.NoSuchBeanDefinitionException: No bean named 'sqlSessionFactory' available
[WARN] [2017-09-24 18:54:11][org.springframework.beans.factory.support.DefaultListableBeanFactory]Bean creation exception on non-lazy FactoryBean type check: org.springframework.beans.factory.BeanCreationException: Error creating bean with name 'IUpdate' defined in file [G:\github\blaze\target\classes\com\blaze\dao\inf\IUpdate.class]: Cannot resolve reference to bean 'sqlSessionFactory' while setting bean property 'sqlSessionFactory'; nested exception is org.springframework.beans.factory.NoSuchBeanDefinitionException: No bean named 'sqlSessionFactory' available
[WARN] [2017-09-24 18:54:12][org.springframework.context.support.ClassPathXmlApplicationContext]Exception encountered during context initialization - cancelling refresh attempt: org.springframework.beans.factory.BeanCreationException: Error creating bean with name 'IUserDao' defined in file [G:\github\blaze\target\classes\com\blaze\dao\base\IUserDao.class]: Cannot resolve reference to bean 'sqlSessionFactory' while setting bean property 'sqlSessionFactory'; nested exception is org.springframework.beans.factory.NoSuchBeanDefinitionException: No bean named 'sqlSessionFactory' available
[INFO] [2017-09-24 19:47:24][org.springframework.context.support.ClassPathXmlApplicationContext]Refreshing org.springframework.context.support.ClassPathXmlApplicationContext@64cee07: startup date [Sun Sep 24 19:47:24 CST 2017]; root of context hierarchy
[INFO] [2017-09-24 19:47:24][org.springframework.beans.factory.xml.XmlBeanDefinitionReader]Loading XML bean definitions from class path resource [spring-mybatis.xml]
[INFO] [2017-09-24 19:47:25][org.springframework.beans.factory.annotation.AutowiredAnnotationBeanPostProcessor]JSR-330 'javax.inject.Inject' annotation found and supported for autowiring
[WARN] [2017-09-24 19:47:25][org.springframework.beans.factory.support.DefaultListableBeanFactory]Bean creation exception on non-lazy FactoryBean type check: org.springframework.beans.factory.BeanCreationException: Error creating bean with name 'methodFilter' defined in file [G:\github\blaze\target\classes\com\blaze\dao\base\MethodFilter.class]: Cannot resolve reference to bean 'sqlSessionFactory' while setting bean property 'sqlSessionFactory'; nested exception is org.springframework.beans.factory.NoSuchBeanDefinitionException: No bean named 'sqlSessionFactory' available
[WARN] [2017-09-24 19:47:25][org.springframework.beans.factory.support.DefaultListableBeanFactory]Bean creation exception on non-lazy FactoryBean type check: org.springframework.beans.factory.BeanCreationException: Error creating bean with name 'trans' defined in file [G:\github\blaze\target\classes\com\blaze\dao\base\Trans.class]: Cannot resolve reference to bean 'sqlSessionFactory' while setting bean property 'sqlSessionFactory'; nested exception is org.springframework.beans.factory.NoSuchBeanDefinitionException: No bean named 'sqlSessionFactory' available
[WARN] [2017-09-24 19:47:25][org.springframework.beans.factory.support.DefaultListableBeanFactory]Bean creation exception on non-lazy FactoryBean type check: org.springframework.beans.factory.BeanCreationException: Error creating bean with name 'valueTrans' defined in file [G:\github\blaze\target\classes\com\blaze\dao\base\ValueTrans.class]: Cannot resolve reference to bean 'sqlSessionFactory' while setting bean property 'sqlSessionFactory'; nested exception is org.springframework.beans.factory.NoSuchBeanDefinitionException: No bean named 'sqlSessionFactory' available
[WARN] [2017-09-24 19:47:25][org.springframework.beans.factory.support.DefaultListableBeanFactory]Bean creation exception on non-lazy FactoryBean type check: org.springframework.beans.factory.BeanCreationException: Error creating bean with name 'IAdd' defined in file [G:\github\blaze\target\classes\com\blaze\dao\inf\IAdd.class]: Cannot resolve reference to bean 'sqlSessionFactory' while setting bean property 'sqlSessionFactory'; nested exception is org.springframework.beans.factory.NoSuchBeanDefinitionException: No bean named 'sqlSessionFactory' available
[WARN] [2017-09-24 19:47:25][org.springframework.beans.factory.support.DefaultListableBeanFactory]Bean creation exception on non-lazy FactoryBean type check: org.springframework.beans.factory.BeanCreationException: Error creating bean with name 'ICrud' defined in file [G:\github\blaze\target\classes\com\blaze\dao\inf\ICrud.class]: Cannot resolve reference to bean 'sqlSessionFactory' while setting bean property 'sqlSessionFactory'; nested exception is org.springframework.beans.factory.NoSuchBeanDefinitionException: No bean named 'sqlSessionFactory' available
[WARN] [2017-09-24 19:47:25][org.springframework.beans.factory.support.DefaultListableBeanFactory]Bean creation exception on non-lazy FactoryBean type check: org.springframework.beans.factory.BeanCreationException: Error creating bean with name 'IDel' defined in file [G:\github\blaze\target\classes\com\blaze\dao\inf\IDel.class]: Cannot resolve reference to bean 'sqlSessionFactory' while setting bean property 'sqlSessionFactory'; nested exception is org.springframework.beans.factory.NoSuchBeanDefinitionException: No bean named 'sqlSessionFactory' available
[WARN] [2017-09-24 19:47:25][org.springframework.beans.factory.support.DefaultListableBeanFactory]Bean creation exception on non-lazy FactoryBean type check: org.springframework.beans.factory.BeanCreationException: Error creating bean with name 'IGet' defined in file [G:\github\blaze\target\classes\com\blaze\dao\inf\IGet.class]: Cannot resolve reference to bean 'sqlSessionFactory' while setting bean property 'sqlSessionFactory'; nested exception is org.springframework.beans.factory.NoSuchBeanDefinitionException: No bean named 'sqlSessionFactory' available
[WARN] [2017-09-24 19:47:25][org.springframework.beans.factory.support.DefaultListableBeanFactory]Bean creation exception on non-lazy FactoryBean type check: org.springframework.beans.factory.BeanCreationException: Error creating bean with name 'IPk' defined in file [G:\github\blaze\target\classes\com\blaze\dao\inf\IPk.class]: Cannot resolve reference to bean 'sqlSessionFactory' while setting bean property 'sqlSessionFactory'; nested exception is org.springframework.beans.factory.NoSuchBeanDefinitionException: No bean named 'sqlSessionFactory' available
[WARN] [2017-09-24 19:47:25][org.springframework.beans.factory.support.DefaultListableBeanFactory]Bean creation exception on non-lazy FactoryBean type check: org.springframework.beans.factory.BeanCreationException: Error creating bean with name 'IQuery' defined in file [G:\github\blaze\target\classes\com\blaze\dao\inf\IQuery.class]: Cannot resolve reference to bean 'sqlSessionFactory' while setting bean property 'sqlSessionFactory'; nested exception is org.springframework.beans.factory.NoSuchBeanDefinitionException: No bean named 'sqlSessionFactory' available
[WARN] [2017-09-24 19:47:25][org.springframework.beans.factory.support.DefaultListableBeanFactory]Bean creation exception on non-lazy FactoryBean type check: org.springframework.beans.factory.BeanCreationException: Error creating bean with name 'ISch' defined in file [G:\github\blaze\target\classes\com\blaze\dao\inf\ISch.class]: Cannot resolve reference to bean 'sqlSessionFactory' while setting bean property 'sqlSessionFactory'; nested exception is org.springframework.beans.factory.NoSuchBeanDefinitionException: No bean named 'sqlSessionFactory' available
[WARN] [2017-09-24 19:47:25][org.springframework.beans.factory.support.DefaultListableBeanFactory]Bean creation exception on non-lazy FactoryBean type check: org.springframework.beans.factory.BeanCreationException: Error creating bean with name 'IUpdate' defined in file [G:\github\blaze\target\classes\com\blaze\dao\inf\IUpdate.class]: Cannot resolve reference to bean 'sqlSessionFactory' while setting bean property 'sqlSessionFactory'; nested exception is org.springframework.beans.factory.NoSuchBeanDefinitionException: No bean named 'sqlSessionFactory' available
[WARN] [2017-09-24 19:47:25][org.springframework.beans.factory.support.DefaultListableBeanFactory]Bean creation exception on non-lazy FactoryBean type check: org.springframework.beans.factory.BeanCreationException: Error creating bean with name 'IUserDao' defined in file [G:\github\blaze\target\classes\com\blaze\dao\IUserDao.class]: Cannot resolve reference to bean 'sqlSessionFactory' while setting bean property 'sqlSessionFactory'; nested exception is org.springframework.beans.factory.NoSuchBeanDefinitionException: No bean named 'sqlSessionFactory' available
[WARN] [2017-09-24 19:47:25][org.springframework.context.support.ClassPathXmlApplicationContext]Exception encountered during context initialization - cancelling refresh attempt: org.springframework.beans.factory.BeanCreationException: Error creating bean with name 'methodFilter' defined in file [G:\github\blaze\target\classes\com\blaze\dao\base\MethodFilter.class]: Cannot resolve reference to bean 'sqlSessionFactory' while setting bean property 'sqlSessionFactory'; nested exception is org.springframework.beans.factory.NoSuchBeanDefinitionException: No bean named 'sqlSessionFactory' available
[INFO] [2017-09-24 19:56:29][org.springframework.context.support.ClassPathXmlApplicationContext]Refreshing org.springframework.context.support.ClassPathXmlApplicationContext@64cee07: startup date [Sun Sep 24 19:56:29 CST 2017]; root of context hierarchy
[INFO] [2017-09-24 19:56:29][org.springframework.beans.factory.xml.XmlBeanDefinitionReader]Loading XML bean definitions from class path resource [spring-mybatis.xml]
[INFO] [2017-09-24 19:56:29][org.springframework.beans.factory.annotation.AutowiredAnnotationBeanPostProcessor]JSR-330 'javax.inject.Inject' annotation found and supported for autowiring
[INFO] [2017-09-24 20:29:30][org.springframework.context.support.ClassPathXmlApplicationContext]Refreshing org.springframework.context.support.ClassPathXmlApplicationContext@23fe1d71: startup date [Sun Sep 24 20:29:30 CST 2017]; root of context hierarchy
[INFO] [2017-09-24 20:29:30][org.springframework.beans.factory.xml.XmlBeanDefinitionReader]Loading XML bean definitions from class path resource [spring-mybatis.xml]
[INFO] [2017-09-24 20:29:30][org.springframework.beans.factory.annotation.AutowiredAnnotationBeanPostProcessor]JSR-330 'javax.inject.Inject' annotation found and supported for autowiring
[INFO] [2017-09-24 20:35:47][org.springframework.context.support.ClassPathXmlApplicationContext]Refreshing org.springframework.context.support.ClassPathXmlApplicationContext@23fe1d71: startup date [Sun Sep 24 20:35:47 CST 2017]; root of context hierarchy
[INFO] [2017-09-24 20:35:48][org.springframework.beans.factory.xml.XmlBeanDefinitionReader]Loading XML bean definitions from class path resource [spring-mybatis.xml]
[INFO] [2017-09-24 20:35:48][org.springframework.beans.factory.annotation.AutowiredAnnotationBeanPostProcessor]JSR-330 'javax.inject.Inject' annotation found and supported for autowiring
[INFO] [2017-09-24 20:36:29][org.springframework.context.support.ClassPathXmlApplicationContext]Refreshing org.springframework.context.support.ClassPathXmlApplicationContext@64cee07: startup date [Sun Sep 24 20:36:29 CST 2017]; root of context hierarchy
[INFO] [2017-09-24 20:36:29][org.springframework.beans.factory.xml.XmlBeanDefinitionReader]Loading XML bean definitions from class path resource [spring-mybatis.xml]
[INFO] [2017-09-24 20:36:29][org.springframework.beans.factory.annotation.AutowiredAnnotationBeanPostProcessor]JSR-330 'javax.inject.Inject' annotation found and supported for autowiring
[INFO] [2017-09-24 20:36:36][org.springframework.context.support.ClassPathXmlApplicationContext]Refreshing org.springframework.context.support.ClassPathXmlApplicationContext@23fe1d71: startup date [Sun Sep 24 20:36:36 CST 2017]; root of context hierarchy
[INFO] [2017-09-24 20:36:36][org.springframework.beans.factory.xml.XmlBeanDefinitionReader]Loading XML bean definitions from class path resource [spring-mybatis.xml]
[INFO] [2017-09-24 20:36:36][org.springframework.beans.factory.annotation.AutowiredAnnotationBeanPostProcessor]JSR-330 'javax.inject.Inject' annotation found and supported for autowiring
[INFO] [2017-09-24 21:07:07][org.springframework.context.support.ClassPathXmlApplicationContext]Refreshing org.springframework.context.support.ClassPathXmlApplicationContext@64cee07: startup date [Sun Sep 24 21:07:07 CST 2017]; root of context hierarchy
[INFO] [2017-09-24 21:07:07][org.springframework.beans.factory.xml.XmlBeanDefinitionReader]Loading XML bean definitions from class path resource [spring-mybatis.xml]
[INFO] [2017-09-24 21:07:07][org.springframework.beans.factory.annotation.AutowiredAnnotationBeanPostProcessor]JSR-330 'javax.inject.Inject' annotation found and supported for autowiring
[INFO] [2017-09-24 21:07:36][org.springframework.context.support.ClassPathXmlApplicationContext]Refreshing org.springframework.context.support.ClassPathXmlApplicationContext@64cee07: startup date [Sun Sep 24 21:07:36 CST 2017]; root of context hierarchy
[INFO] [2017-09-24 21:07:36][org.springframework.beans.factory.xml.XmlBeanDefinitionReader]Loading XML bean definitions from class path resource [spring-mybatis.xml]
[INFO] [2017-09-24 21:07:36][org.springframework.beans.factory.annotation.AutowiredAnnotationBeanPostProcessor]JSR-330 'javax.inject.Inject' annotation found and supported for autowiring
[INFO] [2017-09-25 12:26:30][org.springframework.context.support.ClassPathXmlApplicationContext]Refreshing org.springframework.context.support.ClassPathXmlApplicationContext@23fe1d71: startup date [Mon Sep 25 12:26:30 CST 2017]; root of context hierarchy
[INFO] [2017-09-25 12:26:30][org.springframework.beans.factory.xml.XmlBeanDefinitionReader]Loading XML bean definitions from class path resource [spring-mybatis.xml]
[INFO] [2017-09-25 12:26:30][org.springframework.beans.factory.annotation.AutowiredAnnotationBeanPostProcessor]JSR-330 'javax.inject.Inject' annotation found and supported for autowiring
[INFO] [2017-09-25 13:14:38][org.springframework.context.support.ClassPathXmlApplicationContext]Refreshing org.springframework.context.support.ClassPathXmlApplicationContext@64cee07: startup date [Mon Sep 25 13:14:38 CST 2017]; root of context hierarchy
[INFO] [2017-09-25 13:14:38][org.springframework.beans.factory.xml.XmlBeanDefinitionReader]Loading XML bean definitions from class path resource [spring-mybatis.xml]
[INFO] [2017-09-25 13:14:38][org.springframework.beans.factory.annotation.AutowiredAnnotationBeanPostProcessor]JSR-330 'javax.inject.Inject' annotation found and supported for autowiring
[INFO] [2017-09-25 13:16:19][org.springframework.context.support.ClassPathXmlApplicationContext]Refreshing org.springframework.context.support.ClassPathXmlApplicationContext@64cee07: startup date [Mon Sep 25 13:16:19 CST 2017]; root of context hierarchy
[INFO] [2017-09-25 13:16:19][org.springframework.beans.factory.xml.XmlBeanDefinitionReader]Loading XML bean definitions from class path resource [spring-mybatis.xml]
[INFO] [2017-09-25 13:16:20][org.springframework.beans.factory.annotation.AutowiredAnnotationBeanPostProcessor]JSR-330 'javax.inject.Inject' annotation found and supported for autowiring
[INFO] [2017-09-25 13:17:59][org.springframework.context.support.ClassPathXmlApplicationContext]Refreshing org.springframework.context.support.ClassPathXmlApplicationContext@64cee07: startup date [Mon Sep 25 13:17:59 CST 2017]; root of context hierarchy
[INFO] [2017-09-25 13:17:59][org.springframework.beans.factory.xml.XmlBeanDefinitionReader]Loading XML bean definitions from class path resource [spring-mybatis.xml]
[INFO] [2017-09-25 13:18:00][org.springframework.beans.factory.annotation.AutowiredAnnotationBeanPostProcessor]JSR-330 'javax.inject.Inject' annotation found and supported for autowiring
[INFO] [2017-09-25 13:18:24][org.springframework.context.support.ClassPathXmlApplicationContext]Refreshing org.springframework.context.support.ClassPathXmlApplicationContext@64cee07: startup date [Mon Sep 25 13:18:24 CST 2017]; root of context hierarchy
[INFO] [2017-09-25 13:18:24][org.springframework.beans.factory.xml.XmlBeanDefinitionReader]Loading XML bean definitions from class path resource [spring-mybatis.xml]
[INFO] [2017-09-25 13:18:25][org.springframework.beans.factory.annotation.AutowiredAnnotationBeanPostProcessor]JSR-330 'javax.inject.Inject' annotation found and supported for autowiring
[INFO] [2017-09-25 16:08:07][org.springframework.context.support.ClassPathXmlApplicationContext]Refreshing org.springframework.context.support.ClassPathXmlApplicationContext@23fe1d71: startup date [Mon Sep 25 16:08:07 CST 2017]; root of context hierarchy
[INFO] [2017-09-25 16:08:07][org.springframework.beans.factory.xml.XmlBeanDefinitionReader]Loading XML bean definitions from class path resource [spring-mybatis.xml]
[INFO] [2017-09-25 16:08:08][org.springframework.beans.factory.annotation.AutowiredAnnotationBeanPostProcessor]JSR-330 'javax.inject.Inject' annotation found and supported for autowiring
[INFO] [2017-09-25 16:23:39][org.springframework.context.support.ClassPathXmlApplicationContext]Refreshing org.springframework.context.support.ClassPathXmlApplicationContext@23fe1d71: startup date [Mon Sep 25 16:23:39 CST 2017]; root of context hierarchy
[INFO] [2017-09-25 16:23:39][org.springframework.beans.factory.xml.XmlBeanDefinitionReader]Loading XML bean definitions from class path resource [spring-mybatis.xml]
[INFO] [2017-09-25 16:23:40][org.springframework.beans.factory.annotation.AutowiredAnnotationBeanPostProcessor]JSR-330 'javax.inject.Inject' annotation found and supported for autowiring
[INFO] [2017-09-25 16:25:31][org.springframework.context.support.ClassPathXmlApplicationContext]Refreshing org.springframework.context.support.ClassPathXmlApplicationContext@64cee07: startup date [Mon Sep 25 16:25:31 CST 2017]; root of context hierarchy
[INFO] [2017-09-25 16:25:31][org.springframework.beans.factory.xml.XmlBeanDefinitionReader]Loading XML bean definitions from class path resource [spring-mybatis.xml]
[INFO] [2017-09-25 16:25:31][org.springframework.beans.factory.annotation.AutowiredAnnotationBeanPostProcessor]JSR-330 'javax.inject.Inject' annotation found and supported for autowiring
